{"/home/bolitaria/LunaRoja/backend/src/config/database.js": {"path":"/home/bolitaria/LunaRoja/backend/src/config/database.js","statementMap":{"0":{"start":{"line":1,"column":22},"end":{"line":1,"column":42}},"1":{"start":{"line":2,"column":15},"end":{"line":2,"column":32}},"2":{"start":{"line":4,"column":0},"end":{"line":4,"column":16}},"3":{"start":{"line":6,"column":18},"end":{"line":16,"column":1}},"4":{"start":{"line":18,"column":0},"end":{"line":18,"column":27}}},"fnMap":{},"branchMap":{},"s":{"0":43,"1":43,"2":43,"3":43,"4":43},"f":{},"b":{},"_coverageSchema":"1a1c01bbd47fc00a2c39e90264f33305004495a9","hash":"2693552bc65606aae213006ce607ca2aedaca84a"}
,"/home/bolitaria/LunaRoja/backend/src/controllers/actionController.js": {"path":"/home/bolitaria/LunaRoja/backend/src/controllers/actionController.js","statementMap":{"0":{"start":{"line":1,"column":15},"end":{"line":1,"column":42}},"1":{"start":{"line":2,"column":20},"end":{"line":2,"column":52}},"2":{"start":{"line":3,"column":17},"end":{"line":3,"column":46}},"3":{"start":{"line":4,"column":12},"end":{"line":4,"column":36}},"4":{"start":{"line":5,"column":21},"end":{"line":5,"column":54}},"5":{"start":{"line":6,"column":19},"end":{"line":6,"column":50}},"6":{"start":{"line":7,"column":16},"end":{"line":7,"column":44}},"7":{"start":{"line":8,"column":19},"end":{"line":8,"column":50}},"8":{"start":{"line":9,"column":28},"end":{"line":9,"column":68}},"9":{"start":{"line":10,"column":35},"end":{"line":10,"column":70}},"10":{"start":{"line":11,"column":45},"end":{"line":11,"column":72}},"11":{"start":{"line":12,"column":13},"end":{"line":12,"column":28}},"12":{"start":{"line":14,"column":22},"end":{"line":14,"column":68}},"13":{"start":{"line":15,"column":21},"end":{"line":15,"column":66}},"14":{"start":{"line":16,"column":23},"end":{"line":16,"column":70}},"15":{"start":{"line":20,"column":16},"end":{"line":20,"column":31}},"16":{"start":{"line":21,"column":17},"end":{"line":25,"column":3}},"17":{"start":{"line":27,"column":19},"end":{"line":27,"column":21}},"18":{"start":{"line":28,"column":22},"end":{"line":28,"column":24}},"19":{"start":{"line":29,"column":2},"end":{"line":40,"column":5}},"20":{"start":{"line":30,"column":22},"end":{"line":30,"column":61}},"21":{"start":{"line":31,"column":4},"end":{"line":34,"column":5}},"22":{"start":{"line":32,"column":18},"end":{"line":32,"column":40}},"23":{"start":{"line":33,"column":6},"end":{"line":33,"column":36}},"24":{"start":{"line":35,"column":24},"end":{"line":35,"column":67}},"25":{"start":{"line":36,"column":4},"end":{"line":39,"column":5}},"26":{"start":{"line":37,"column":18},"end":{"line":37,"column":42}},"27":{"start":{"line":38,"column":6},"end":{"line":38,"column":50}},"28":{"start":{"line":42,"column":2},"end":{"line":58,"column":5}},"29":{"start":{"line":43,"column":4},"end":{"line":57,"column":5}},"30":{"start":{"line":44,"column":6},"end":{"line":44,"column":34}},"31":{"start":{"line":45,"column":11},"end":{"line":57,"column":5}},"32":{"start":{"line":46,"column":6},"end":{"line":46,"column":31}},"33":{"start":{"line":47,"column":11},"end":{"line":57,"column":5}},"34":{"start":{"line":48,"column":20},"end":{"line":48,"column":70}},"35":{"start":{"line":49,"column":6},"end":{"line":56,"column":7}},"36":{"start":{"line":50,"column":20},"end":{"line":50,"column":38}},"37":{"start":{"line":51,"column":8},"end":{"line":55,"column":11}},"38":{"start":{"line":60,"column":2},"end":{"line":64,"column":5}},"39":{"start":{"line":61,"column":17},"end":{"line":61,"column":74}},"40":{"start":{"line":62,"column":17},"end":{"line":62,"column":74}},"41":{"start":{"line":63,"column":4},"end":{"line":63,"column":23}},"42":{"start":{"line":66,"column":2},"end":{"line":66,"column":16}},"43":{"start":{"line":70,"column":0},"end":{"line":123,"column":2}},"44":{"start":{"line":71,"column":2},"end":{"line":122,"column":3}},"45":{"start":{"line":72,"column":34},"end":{"line":72,"column":43}},"46":{"start":{"line":73,"column":16},"end":{"line":73,"column":18}},"47":{"start":{"line":74,"column":29},"end":{"line":74,"column":46}},"48":{"start":{"line":75,"column":24},"end":{"line":75,"column":36}},"49":{"start":{"line":77,"column":4},"end":{"line":94,"column":5}},"50":{"start":{"line":78,"column":6},"end":{"line":93,"column":7}},"51":{"start":{"line":79,"column":30},"end":{"line":79,"column":92}},"52":{"start":{"line":80,"column":28},"end":{"line":80,"column":66}},"53":{"start":{"line":80,"column":52},"end":{"line":80,"column":65}},"54":{"start":{"line":81,"column":8},"end":{"line":81,"column":58}},"55":{"start":{"line":81,"column":38},"end":{"line":81,"column":58}},"56":{"start":{"line":82,"column":8},"end":{"line":82,"column":39}},"57":{"start":{"line":83,"column":13},"end":{"line":93,"column":7}},"58":{"start":{"line":84,"column":24},"end":{"line":84,"column":81}},"59":{"start":{"line":85,"column":23},"end":{"line":85,"column":50}},"60":{"start":{"line":85,"column":41},"end":{"line":85,"column":49}},"61":{"start":{"line":86,"column":8},"end":{"line":86,"column":53}},"62":{"start":{"line":86,"column":33},"end":{"line":86,"column":53}},"63":{"start":{"line":87,"column":8},"end":{"line":87,"column":29}},"64":{"start":{"line":88,"column":13},"end":{"line":93,"column":7}},"65":{"start":{"line":89,"column":28},"end":{"line":89,"column":88}},"66":{"start":{"line":90,"column":26},"end":{"line":90,"column":60}},"67":{"start":{"line":90,"column":48},"end":{"line":90,"column":59}},"68":{"start":{"line":91,"column":8},"end":{"line":91,"column":56}},"69":{"start":{"line":91,"column":36},"end":{"line":91,"column":56}},"70":{"start":{"line":92,"column":8},"end":{"line":92,"column":29}},"71":{"start":{"line":96,"column":4},"end":{"line":96,"column":62}},"72":{"start":{"line":96,"column":26},"end":{"line":96,"column":62}},"73":{"start":{"line":97,"column":4},"end":{"line":97,"column":47}},"74":{"start":{"line":97,"column":21},"end":{"line":97,"column":47}},"75":{"start":{"line":100,"column":28},"end":{"line":100,"column":37}},"76":{"start":{"line":101,"column":4},"end":{"line":101,"column":34}},"77":{"start":{"line":102,"column":4},"end":{"line":102,"column":35}},"78":{"start":{"line":103,"column":4},"end":{"line":103,"column":30}},"79":{"start":{"line":103,"column":19},"end":{"line":103,"column":30}},"80":{"start":{"line":104,"column":4},"end":{"line":104,"column":33}},"81":{"start":{"line":104,"column":21},"end":{"line":104,"column":33}},"82":{"start":{"line":105,"column":4},"end":{"line":105,"column":31}},"83":{"start":{"line":105,"column":20},"end":{"line":105,"column":31}},"84":{"start":{"line":107,"column":20},"end":{"line":117,"column":6}},"85":{"start":{"line":118,"column":4},"end":{"line":118,"column":22}},"86":{"start":{"line":120,"column":4},"end":{"line":120,"column":52}},"87":{"start":{"line":121,"column":4},"end":{"line":121,"column":67}},"88":{"start":{"line":126,"column":0},"end":{"line":143,"column":2}},"89":{"start":{"line":127,"column":2},"end":{"line":142,"column":3}},"90":{"start":{"line":128,"column":19},"end":{"line":128,"column":29}},"91":{"start":{"line":129,"column":4},"end":{"line":129,"column":80}},"92":{"start":{"line":129,"column":24},"end":{"line":129,"column":80}},"93":{"start":{"line":130,"column":19},"end":{"line":136,"column":6}},"94":{"start":{"line":137,"column":4},"end":{"line":137,"column":82}},"95":{"start":{"line":137,"column":17},"end":{"line":137,"column":82}},"96":{"start":{"line":138,"column":4},"end":{"line":138,"column":21}},"97":{"start":{"line":140,"column":4},"end":{"line":140,"column":52}},"98":{"start":{"line":141,"column":4},"end":{"line":141,"column":65}},"99":{"start":{"line":146,"column":0},"end":{"line":287,"column":2}},"100":{"start":{"line":147,"column":2},"end":{"line":286,"column":3}},"101":{"start":{"line":153,"column":8},"end":{"line":153,"column":16}},"102":{"start":{"line":155,"column":29},"end":{"line":155,"column":46}},"103":{"start":{"line":156,"column":24},"end":{"line":156,"column":36}},"104":{"start":{"line":158,"column":4},"end":{"line":160,"column":5}},"105":{"start":{"line":159,"column":6},"end":{"line":159,"column":71}},"106":{"start":{"line":159,"column":12},"end":{"line":159,"column":40}},"107":{"start":{"line":159,"column":55},"end":{"line":159,"column":69}},"108":{"start":{"line":162,"column":4},"end":{"line":164,"column":5}},"109":{"start":{"line":163,"column":6},"end":{"line":163,"column":85}},"110":{"start":{"line":166,"column":4},"end":{"line":168,"column":5}},"111":{"start":{"line":167,"column":6},"end":{"line":167,"column":109}},"112":{"start":{"line":171,"column":4},"end":{"line":185,"column":5}},"113":{"start":{"line":172,"column":28},"end":{"line":172,"column":90}},"114":{"start":{"line":173,"column":33},"end":{"line":173,"column":71}},"115":{"start":{"line":173,"column":57},"end":{"line":173,"column":70}},"116":{"start":{"line":174,"column":6},"end":{"line":176,"column":7}},"117":{"start":{"line":175,"column":8},"end":{"line":175,"column":105}},"118":{"start":{"line":177,"column":11},"end":{"line":185,"column":5}},"119":{"start":{"line":178,"column":22},"end":{"line":178,"column":79}},"120":{"start":{"line":179,"column":28},"end":{"line":179,"column":55}},"121":{"start":{"line":179,"column":46},"end":{"line":179,"column":54}},"122":{"start":{"line":180,"column":6},"end":{"line":182,"column":7}},"123":{"start":{"line":181,"column":8},"end":{"line":181,"column":109}},"124":{"start":{"line":183,"column":11},"end":{"line":185,"column":5}},"125":{"start":{"line":184,"column":6},"end":{"line":184,"column":88}},"126":{"start":{"line":187,"column":4},"end":{"line":190,"column":5}},"127":{"start":{"line":188,"column":24},"end":{"line":188,"column":55}},"128":{"start":{"line":189,"column":6},"end":{"line":189,"column":100}},"129":{"start":{"line":189,"column":22},"end":{"line":189,"column":100}},"130":{"start":{"line":192,"column":4},"end":{"line":195,"column":27}},"131":{"start":{"line":193,"column":6},"end":{"line":193,"column":38}},"132":{"start":{"line":194,"column":6},"end":{"line":194,"column":43}},"133":{"start":{"line":194,"column":27},"end":{"line":194,"column":43}},"134":{"start":{"line":195,"column":11},"end":{"line":195,"column":27}},"135":{"start":{"line":196,"column":4},"end":{"line":199,"column":28}},"136":{"start":{"line":197,"column":6},"end":{"line":197,"column":40}},"137":{"start":{"line":198,"column":6},"end":{"line":198,"column":45}},"138":{"start":{"line":198,"column":28},"end":{"line":198,"column":45}},"139":{"start":{"line":199,"column":11},"end":{"line":199,"column":28}},"140":{"start":{"line":201,"column":21},"end":{"line":201,"column":46}},"141":{"start":{"line":203,"column":24},"end":{"line":203,"column":28}},"142":{"start":{"line":204,"column":4},"end":{"line":206,"column":5}},"143":{"start":{"line":205,"column":6},"end":{"line":205,"column":77}},"144":{"start":{"line":208,"column":23},"end":{"line":208,"column":27}},"145":{"start":{"line":209,"column":22},"end":{"line":209,"column":71}},"146":{"start":{"line":209,"column":51},"end":{"line":209,"column":70}},"147":{"start":{"line":210,"column":4},"end":{"line":212,"column":5}},"148":{"start":{"line":211,"column":6},"end":{"line":211,"column":69}},"149":{"start":{"line":214,"column":19},"end":{"line":234,"column":6}},"150":{"start":{"line":236,"column":4},"end":{"line":242,"column":5}},"151":{"start":{"line":237,"column":28},"end":{"line":240,"column":8}},"152":{"start":{"line":238,"column":20},"end":{"line":238,"column":55}},"153":{"start":{"line":239,"column":8},"end":{"line":239,"column":78}},"154":{"start":{"line":241,"column":6},"end":{"line":241,"column":39}},"155":{"start":{"line":244,"column":4},"end":{"line":258,"column":5}},"156":{"start":{"line":245,"column":23},"end":{"line":245,"column":67}},"157":{"start":{"line":245,"column":62},"end":{"line":245,"column":66}},"158":{"start":{"line":246,"column":6},"end":{"line":255,"column":7}},"159":{"start":{"line":247,"column":28},"end":{"line":247,"column":85}},"160":{"start":{"line":248,"column":8},"end":{"line":251,"column":9}},"161":{"start":{"line":249,"column":10},"end":{"line":250,"column":77}},"162":{"start":{"line":250,"column":26},"end":{"line":250,"column":75}},"163":{"start":{"line":252,"column":8},"end":{"line":252,"column":94}},"164":{"start":{"line":254,"column":8},"end":{"line":254,"column":94}},"165":{"start":{"line":257,"column":6},"end":{"line":257,"column":77}},"166":{"start":{"line":260,"column":4},"end":{"line":277,"column":5}},"167":{"start":{"line":261,"column":34},"end":{"line":261,"column":112}},"168":{"start":{"line":262,"column":25},"end":{"line":262,"column":43}},"169":{"start":{"line":263,"column":27},"end":{"line":263,"column":47}},"170":{"start":{"line":264,"column":6},"end":{"line":264,"column":55}},"171":{"start":{"line":265,"column":6},"end":{"line":265,"column":40}},"172":{"start":{"line":266,"column":6},"end":{"line":273,"column":7}},"173":{"start":{"line":267,"column":8},"end":{"line":272,"column":11}},"174":{"start":{"line":274,"column":6},"end":{"line":274,"column":101}},"175":{"start":{"line":276,"column":6},"end":{"line":276,"column":68}},"176":{"start":{"line":279,"column":29},"end":{"line":281,"column":6}},"177":{"start":{"line":282,"column":4},"end":{"line":282,"column":43}},"178":{"start":{"line":284,"column":4},"end":{"line":284,"column":51}},"179":{"start":{"line":285,"column":4},"end":{"line":285,"column":63}},"180":{"start":{"line":290,"column":0},"end":{"line":417,"column":2}},"181":{"start":{"line":291,"column":2},"end":{"line":416,"column":3}},"182":{"start":{"line":292,"column":19},"end":{"line":292,"column":29}},"183":{"start":{"line":293,"column":4},"end":{"line":295,"column":5}},"184":{"start":{"line":294,"column":6},"end":{"line":294,"column":62}},"185":{"start":{"line":296,"column":19},"end":{"line":298,"column":6}},"186":{"start":{"line":299,"column":4},"end":{"line":299,"column":82}},"187":{"start":{"line":299,"column":17},"end":{"line":299,"column":82}},"188":{"start":{"line":306,"column":8},"end":{"line":306,"column":16}},"189":{"start":{"line":308,"column":27},"end":{"line":308,"column":44}},"190":{"start":{"line":309,"column":22},"end":{"line":309,"column":34}},"191":{"start":{"line":311,"column":4},"end":{"line":333,"column":5}},"192":{"start":{"line":312,"column":28},"end":{"line":312,"column":90}},"193":{"start":{"line":313,"column":33},"end":{"line":313,"column":71}},"194":{"start":{"line":313,"column":57},"end":{"line":313,"column":70}},"195":{"start":{"line":314,"column":6},"end":{"line":316,"column":7}},"196":{"start":{"line":315,"column":8},"end":{"line":315,"column":94}},"197":{"start":{"line":317,"column":6},"end":{"line":317,"column":43}},"198":{"start":{"line":318,"column":11},"end":{"line":333,"column":5}},"199":{"start":{"line":319,"column":22},"end":{"line":319,"column":79}},"200":{"start":{"line":320,"column":28},"end":{"line":320,"column":55}},"201":{"start":{"line":320,"column":46},"end":{"line":320,"column":54}},"202":{"start":{"line":321,"column":6},"end":{"line":323,"column":7}},"203":{"start":{"line":322,"column":8},"end":{"line":322,"column":94}},"204":{"start":{"line":324,"column":6},"end":{"line":324,"column":33}},"205":{"start":{"line":325,"column":11},"end":{"line":333,"column":5}},"206":{"start":{"line":326,"column":26},"end":{"line":326,"column":86}},"207":{"start":{"line":327,"column":31},"end":{"line":327,"column":65}},"208":{"start":{"line":327,"column":53},"end":{"line":327,"column":64}},"209":{"start":{"line":328,"column":6},"end":{"line":330,"column":7}},"210":{"start":{"line":329,"column":8},"end":{"line":329,"column":94}},"211":{"start":{"line":331,"column":11},"end":{"line":333,"column":5}},"212":{"start":{"line":332,"column":6},"end":{"line":332,"column":66}},"213":{"start":{"line":335,"column":4},"end":{"line":337,"column":5}},"214":{"start":{"line":336,"column":6},"end":{"line":336,"column":109}},"215":{"start":{"line":339,"column":4},"end":{"line":344,"column":5}},"216":{"start":{"line":340,"column":24},"end":{"line":340,"column":55}},"217":{"start":{"line":341,"column":6},"end":{"line":341,"column":100}},"218":{"start":{"line":341,"column":22},"end":{"line":341,"column":100}},"219":{"start":{"line":342,"column":11},"end":{"line":344,"column":5}},"220":{"start":{"line":343,"column":6},"end":{"line":343,"column":33}},"221":{"start":{"line":346,"column":4},"end":{"line":349,"column":27}},"222":{"start":{"line":347,"column":6},"end":{"line":347,"column":38}},"223":{"start":{"line":348,"column":6},"end":{"line":348,"column":43}},"224":{"start":{"line":348,"column":27},"end":{"line":348,"column":43}},"225":{"start":{"line":349,"column":11},"end":{"line":349,"column":27}},"226":{"start":{"line":350,"column":4},"end":{"line":353,"column":28}},"227":{"start":{"line":351,"column":6},"end":{"line":351,"column":40}},"228":{"start":{"line":352,"column":6},"end":{"line":352,"column":45}},"229":{"start":{"line":352,"column":28},"end":{"line":352,"column":45}},"230":{"start":{"line":353,"column":11},"end":{"line":353,"column":28}},"231":{"start":{"line":355,"column":4},"end":{"line":357,"column":5}},"232":{"start":{"line":356,"column":6},"end":{"line":356,"column":71}},"233":{"start":{"line":356,"column":12},"end":{"line":356,"column":40}},"234":{"start":{"line":356,"column":55},"end":{"line":356,"column":69}},"235":{"start":{"line":359,"column":21},"end":{"line":359,"column":46}},"236":{"start":{"line":361,"column":24},"end":{"line":361,"column":44}},"237":{"start":{"line":362,"column":4},"end":{"line":367,"column":5}},"238":{"start":{"line":363,"column":6},"end":{"line":365,"column":7}},"239":{"start":{"line":364,"column":8},"end":{"line":364,"column":60}},"240":{"start":{"line":366,"column":6},"end":{"line":366,"column":77}},"241":{"start":{"line":369,"column":23},"end":{"line":369,"column":38}},"242":{"start":{"line":370,"column":22},"end":{"line":370,"column":71}},"243":{"start":{"line":370,"column":51},"end":{"line":370,"column":70}},"244":{"start":{"line":371,"column":4},"end":{"line":376,"column":5}},"245":{"start":{"line":372,"column":6},"end":{"line":374,"column":7}},"246":{"start":{"line":373,"column":8},"end":{"line":373,"column":56}},"247":{"start":{"line":375,"column":6},"end":{"line":375,"column":69}},"248":{"start":{"line":378,"column":4},"end":{"line":398,"column":7}},"249":{"start":{"line":400,"column":4},"end":{"line":407,"column":5}},"250":{"start":{"line":401,"column":32},"end":{"line":401,"column":72}},"251":{"start":{"line":402,"column":28},"end":{"line":405,"column":8}},"252":{"start":{"line":403,"column":20},"end":{"line":403,"column":55}},"253":{"start":{"line":404,"column":8},"end":{"line":404,"column":98}},"254":{"start":{"line":406,"column":6},"end":{"line":406,"column":39}},"255":{"start":{"line":409,"column":26},"end":{"line":411,"column":6}},"256":{"start":{"line":412,"column":4},"end":{"line":412,"column":28}},"257":{"start":{"line":414,"column":4},"end":{"line":414,"column":51}},"258":{"start":{"line":415,"column":4},"end":{"line":415,"column":68}},"259":{"start":{"line":420,"column":0},"end":{"line":453,"column":2}},"260":{"start":{"line":421,"column":2},"end":{"line":452,"column":3}},"261":{"start":{"line":422,"column":19},"end":{"line":422,"column":29}},"262":{"start":{"line":423,"column":4},"end":{"line":425,"column":5}},"263":{"start":{"line":424,"column":6},"end":{"line":424,"column":62}},"264":{"start":{"line":426,"column":19},"end":{"line":428,"column":6}},"265":{"start":{"line":429,"column":4},"end":{"line":429,"column":82}},"266":{"start":{"line":429,"column":17},"end":{"line":429,"column":82}},"267":{"start":{"line":431,"column":4},"end":{"line":433,"column":5}},"268":{"start":{"line":432,"column":6},"end":{"line":432,"column":91}},"269":{"start":{"line":435,"column":4},"end":{"line":437,"column":5}},"270":{"start":{"line":436,"column":6},"end":{"line":436,"column":58}},"271":{"start":{"line":438,"column":4},"end":{"line":442,"column":5}},"272":{"start":{"line":439,"column":6},"end":{"line":441,"column":7}},"273":{"start":{"line":440,"column":8},"end":{"line":440,"column":46}},"274":{"start":{"line":443,"column":4},"end":{"line":445,"column":5}},"275":{"start":{"line":444,"column":6},"end":{"line":444,"column":54}},"276":{"start":{"line":447,"column":4},"end":{"line":447,"column":27}},"277":{"start":{"line":448,"column":4},"end":{"line":448,"column":46}},"278":{"start":{"line":450,"column":4},"end":{"line":450,"column":51}},"279":{"start":{"line":451,"column":4},"end":{"line":451,"column":66}},"280":{"start":{"line":456,"column":0},"end":{"line":476,"column":2}},"281":{"start":{"line":457,"column":2},"end":{"line":475,"column":3}},"282":{"start":{"line":458,"column":24},"end":{"line":458,"column":34}},"283":{"start":{"line":459,"column":4},"end":{"line":461,"column":5}},"284":{"start":{"line":460,"column":6},"end":{"line":460,"column":62}},"285":{"start":{"line":462,"column":18},"end":{"line":462,"column":53}},"286":{"start":{"line":463,"column":4},"end":{"line":463,"column":81}},"287":{"start":{"line":463,"column":16},"end":{"line":463,"column":81}},"288":{"start":{"line":465,"column":4},"end":{"line":467,"column":5}},"289":{"start":{"line":466,"column":6},"end":{"line":466,"column":94}},"290":{"start":{"line":469,"column":4},"end":{"line":469,"column":44}},"291":{"start":{"line":470,"column":4},"end":{"line":470,"column":26}},"292":{"start":{"line":471,"column":4},"end":{"line":471,"column":46}},"293":{"start":{"line":473,"column":4},"end":{"line":473,"column":56}},"294":{"start":{"line":474,"column":4},"end":{"line":474,"column":66}}},"fnMap":{"0":{"name":"processUploadedFiles","decl":{"start":{"line":19,"column":9},"end":{"line":19,"column":29}},"loc":{"start":{"line":19,"column":35},"end":{"line":67,"column":1}},"line":19},"1":{"name":"(anonymous_1)","decl":{"start":{"line":29,"column":32},"end":{"line":29,"column":33}},"loc":{"start":{"line":29,"column":39},"end":{"line":40,"column":3}},"line":29},"2":{"name":"(anonymous_2)","decl":{"start":{"line":42,"column":16},"end":{"line":42,"column":17}},"loc":{"start":{"line":42,"column":24},"end":{"line":58,"column":3}},"line":42},"3":{"name":"(anonymous_3)","decl":{"start":{"line":60,"column":24},"end":{"line":60,"column":25}},"loc":{"start":{"line":60,"column":34},"end":{"line":64,"column":3}},"line":60},"4":{"name":"(anonymous_4)","decl":{"start":{"line":70,"column":24},"end":{"line":70,"column":25}},"loc":{"start":{"line":70,"column":44},"end":{"line":123,"column":1}},"line":70},"5":{"name":"(anonymous_5)","decl":{"start":{"line":80,"column":46},"end":{"line":80,"column":47}},"loc":{"start":{"line":80,"column":52},"end":{"line":80,"column":65}},"line":80},"6":{"name":"(anonymous_6)","decl":{"start":{"line":85,"column":35},"end":{"line":85,"column":36}},"loc":{"start":{"line":85,"column":41},"end":{"line":85,"column":49}},"line":85},"7":{"name":"(anonymous_7)","decl":{"start":{"line":90,"column":42},"end":{"line":90,"column":43}},"loc":{"start":{"line":90,"column":48},"end":{"line":90,"column":59}},"line":90},"8":{"name":"(anonymous_8)","decl":{"start":{"line":126,"column":24},"end":{"line":126,"column":25}},"loc":{"start":{"line":126,"column":44},"end":{"line":143,"column":1}},"line":126},"9":{"name":"(anonymous_9)","decl":{"start":{"line":146,"column":23},"end":{"line":146,"column":24}},"loc":{"start":{"line":146,"column":43},"end":{"line":287,"column":1}},"line":146},"10":{"name":"(anonymous_10)","decl":{"start":{"line":173,"column":51},"end":{"line":173,"column":52}},"loc":{"start":{"line":173,"column":57},"end":{"line":173,"column":70}},"line":173},"11":{"name":"(anonymous_11)","decl":{"start":{"line":179,"column":40},"end":{"line":179,"column":41}},"loc":{"start":{"line":179,"column":46},"end":{"line":179,"column":54}},"line":179},"12":{"name":"(anonymous_12)","decl":{"start":{"line":209,"column":46},"end":{"line":209,"column":47}},"loc":{"start":{"line":209,"column":51},"end":{"line":209,"column":70}},"line":209},"13":{"name":"(anonymous_13)","decl":{"start":{"line":237,"column":48},"end":{"line":237,"column":49}},"loc":{"start":{"line":237,"column":65},"end":{"line":240,"column":7}},"line":237},"14":{"name":"(anonymous_14)","decl":{"start":{"line":245,"column":56},"end":{"line":245,"column":57}},"loc":{"start":{"line":245,"column":62},"end":{"line":245,"column":66}},"line":245},"15":{"name":"(anonymous_15)","decl":{"start":{"line":250,"column":19},"end":{"line":250,"column":20}},"loc":{"start":{"line":250,"column":26},"end":{"line":250,"column":75}},"line":250},"16":{"name":"(anonymous_16)","decl":{"start":{"line":290,"column":23},"end":{"line":290,"column":24}},"loc":{"start":{"line":290,"column":43},"end":{"line":417,"column":1}},"line":290},"17":{"name":"(anonymous_17)","decl":{"start":{"line":313,"column":51},"end":{"line":313,"column":52}},"loc":{"start":{"line":313,"column":57},"end":{"line":313,"column":70}},"line":313},"18":{"name":"(anonymous_18)","decl":{"start":{"line":320,"column":40},"end":{"line":320,"column":41}},"loc":{"start":{"line":320,"column":46},"end":{"line":320,"column":54}},"line":320},"19":{"name":"(anonymous_19)","decl":{"start":{"line":327,"column":47},"end":{"line":327,"column":48}},"loc":{"start":{"line":327,"column":53},"end":{"line":327,"column":64}},"line":327},"20":{"name":"(anonymous_20)","decl":{"start":{"line":370,"column":46},"end":{"line":370,"column":47}},"loc":{"start":{"line":370,"column":51},"end":{"line":370,"column":70}},"line":370},"21":{"name":"(anonymous_21)","decl":{"start":{"line":402,"column":48},"end":{"line":402,"column":49}},"loc":{"start":{"line":402,"column":65},"end":{"line":405,"column":7}},"line":402},"22":{"name":"(anonymous_22)","decl":{"start":{"line":420,"column":23},"end":{"line":420,"column":24}},"loc":{"start":{"line":420,"column":43},"end":{"line":453,"column":1}},"line":420},"23":{"name":"(anonymous_23)","decl":{"start":{"line":456,"column":28},"end":{"line":456,"column":29}},"loc":{"start":{"line":456,"column":48},"end":{"line":476,"column":1}},"line":456}},"branchMap":{"0":{"loc":{"start":{"line":20,"column":16},"end":{"line":20,"column":31}},"type":"binary-expr","locations":[{"start":{"line":20,"column":16},"end":{"line":20,"column":25}},{"start":{"line":20,"column":29},"end":{"line":20,"column":31}}],"line":20},"1":{"loc":{"start":{"line":31,"column":4},"end":{"line":34,"column":5}},"type":"if","locations":[{"start":{"line":31,"column":4},"end":{"line":34,"column":5}},{"start":{},"end":{}}],"line":31},"2":{"loc":{"start":{"line":36,"column":4},"end":{"line":39,"column":5}},"type":"if","locations":[{"start":{"line":36,"column":4},"end":{"line":39,"column":5}},{"start":{},"end":{}}],"line":36},"3":{"loc":{"start":{"line":43,"column":4},"end":{"line":57,"column":5}},"type":"if","locations":[{"start":{"line":43,"column":4},"end":{"line":57,"column":5}},{"start":{"line":45,"column":11},"end":{"line":57,"column":5}}],"line":43},"4":{"loc":{"start":{"line":45,"column":11},"end":{"line":57,"column":5}},"type":"if","locations":[{"start":{"line":45,"column":11},"end":{"line":57,"column":5}},{"start":{"line":47,"column":11},"end":{"line":57,"column":5}}],"line":45},"5":{"loc":{"start":{"line":47,"column":11},"end":{"line":57,"column":5}},"type":"if","locations":[{"start":{"line":47,"column":11},"end":{"line":57,"column":5}},{"start":{},"end":{}}],"line":47},"6":{"loc":{"start":{"line":47,"column":15},"end":{"line":47,"column":72}},"type":"binary-expr","locations":[{"start":{"line":47,"column":15},"end":{"line":47,"column":29}},{"start":{"line":47,"column":33},"end":{"line":47,"column":72}}],"line":47},"7":{"loc":{"start":{"line":49,"column":6},"end":{"line":56,"column":7}},"type":"if","locations":[{"start":{"line":49,"column":6},"end":{"line":56,"column":7}},{"start":{},"end":{}}],"line":49},"8":{"loc":{"start":{"line":53,"column":16},"end":{"line":53,"column":50}},"type":"binary-expr","locations":[{"start":{"line":53,"column":16},"end":{"line":53,"column":29}},{"start":{"line":53,"column":33},"end":{"line":53,"column":50}}],"line":53},"9":{"loc":{"start":{"line":54,"column":20},"end":{"line":54,"column":45}},"type":"binary-expr","locations":[{"start":{"line":54,"column":20},"end":{"line":54,"column":36}},{"start":{"line":54,"column":40},"end":{"line":54,"column":45}}],"line":54},"10":{"loc":{"start":{"line":77,"column":4},"end":{"line":94,"column":5}},"type":"if","locations":[{"start":{"line":77,"column":4},"end":{"line":94,"column":5}},{"start":{},"end":{}}],"line":77},"11":{"loc":{"start":{"line":78,"column":6},"end":{"line":93,"column":7}},"type":"if","locations":[{"start":{"line":78,"column":6},"end":{"line":93,"column":7}},{"start":{"line":83,"column":13},"end":{"line":93,"column":7}}],"line":78},"12":{"loc":{"start":{"line":81,"column":8},"end":{"line":81,"column":58}},"type":"if","locations":[{"start":{"line":81,"column":8},"end":{"line":81,"column":58}},{"start":{},"end":{}}],"line":81},"13":{"loc":{"start":{"line":83,"column":13},"end":{"line":93,"column":7}},"type":"if","locations":[{"start":{"line":83,"column":13},"end":{"line":93,"column":7}},{"start":{"line":88,"column":13},"end":{"line":93,"column":7}}],"line":83},"14":{"loc":{"start":{"line":86,"column":8},"end":{"line":86,"column":53}},"type":"if","locations":[{"start":{"line":86,"column":8},"end":{"line":86,"column":53}},{"start":{},"end":{}}],"line":86},"15":{"loc":{"start":{"line":88,"column":13},"end":{"line":93,"column":7}},"type":"if","locations":[{"start":{"line":88,"column":13},"end":{"line":93,"column":7}},{"start":{},"end":{}}],"line":88},"16":{"loc":{"start":{"line":91,"column":8},"end":{"line":91,"column":56}},"type":"if","locations":[{"start":{"line":91,"column":8},"end":{"line":91,"column":56}},{"start":{},"end":{}}],"line":91},"17":{"loc":{"start":{"line":96,"column":4},"end":{"line":96,"column":62}},"type":"if","locations":[{"start":{"line":96,"column":4},"end":{"line":96,"column":62}},{"start":{},"end":{}}],"line":96},"18":{"loc":{"start":{"line":97,"column":4},"end":{"line":97,"column":47}},"type":"if","locations":[{"start":{"line":97,"column":4},"end":{"line":97,"column":47}},{"start":{},"end":{}}],"line":97},"19":{"loc":{"start":{"line":101,"column":12},"end":{"line":101,"column":33}},"type":"binary-expr","locations":[{"start":{"line":101,"column":12},"end":{"line":101,"column":27}},{"start":{"line":101,"column":31},"end":{"line":101,"column":33}}],"line":101},"20":{"loc":{"start":{"line":102,"column":13},"end":{"line":102,"column":34}},"type":"binary-expr","locations":[{"start":{"line":102,"column":13},"end":{"line":102,"column":29}},{"start":{"line":102,"column":33},"end":{"line":102,"column":34}}],"line":102},"21":{"loc":{"start":{"line":103,"column":4},"end":{"line":103,"column":30}},"type":"if","locations":[{"start":{"line":103,"column":4},"end":{"line":103,"column":30}},{"start":{},"end":{}}],"line":103},"22":{"loc":{"start":{"line":104,"column":4},"end":{"line":104,"column":33}},"type":"if","locations":[{"start":{"line":104,"column":4},"end":{"line":104,"column":33}},{"start":{},"end":{}}],"line":104},"23":{"loc":{"start":{"line":105,"column":4},"end":{"line":105,"column":31}},"type":"if","locations":[{"start":{"line":105,"column":4},"end":{"line":105,"column":31}},{"start":{},"end":{}}],"line":105},"24":{"loc":{"start":{"line":129,"column":4},"end":{"line":129,"column":80}},"type":"if","locations":[{"start":{"line":129,"column":4},"end":{"line":129,"column":80}},{"start":{},"end":{}}],"line":129},"25":{"loc":{"start":{"line":137,"column":4},"end":{"line":137,"column":82}},"type":"if","locations":[{"start":{"line":137,"column":4},"end":{"line":137,"column":82}},{"start":{},"end":{}}],"line":137},"26":{"loc":{"start":{"line":158,"column":4},"end":{"line":160,"column":5}},"type":"if","locations":[{"start":{"line":158,"column":4},"end":{"line":160,"column":5}},{"start":{},"end":{}}],"line":158},"27":{"loc":{"start":{"line":158,"column":8},"end":{"line":158,"column":44}},"type":"binary-expr","locations":[{"start":{"line":158,"column":8},"end":{"line":158,"column":14}},{"start":{"line":158,"column":18},"end":{"line":158,"column":44}}],"line":158},"28":{"loc":{"start":{"line":162,"column":4},"end":{"line":164,"column":5}},"type":"if","locations":[{"start":{"line":162,"column":4},"end":{"line":164,"column":5}},{"start":{},"end":{}}],"line":162},"29":{"loc":{"start":{"line":162,"column":8},"end":{"line":162,"column":27}},"type":"binary-expr","locations":[{"start":{"line":162,"column":8},"end":{"line":162,"column":14}},{"start":{"line":162,"column":18},"end":{"line":162,"column":27}}],"line":162},"30":{"loc":{"start":{"line":166,"column":4},"end":{"line":168,"column":5}},"type":"if","locations":[{"start":{"line":166,"column":4},"end":{"line":168,"column":5}},{"start":{},"end":{}}],"line":166},"31":{"loc":{"start":{"line":166,"column":8},"end":{"line":166,"column":90}},"type":"binary-expr","locations":[{"start":{"line":166,"column":8},"end":{"line":166,"column":33}},{"start":{"line":166,"column":38},"end":{"line":166,"column":55}},{"start":{"line":166,"column":59},"end":{"line":166,"column":89}}],"line":166},"32":{"loc":{"start":{"line":171,"column":4},"end":{"line":185,"column":5}},"type":"if","locations":[{"start":{"line":171,"column":4},"end":{"line":185,"column":5}},{"start":{"line":177,"column":11},"end":{"line":185,"column":5}}],"line":171},"33":{"loc":{"start":{"line":174,"column":6},"end":{"line":176,"column":7}},"type":"if","locations":[{"start":{"line":174,"column":6},"end":{"line":176,"column":7}},{"start":{},"end":{}}],"line":174},"34":{"loc":{"start":{"line":174,"column":10},"end":{"line":174,"column":77}},"type":"binary-expr","locations":[{"start":{"line":174,"column":10},"end":{"line":174,"column":27}},{"start":{"line":174,"column":31},"end":{"line":174,"column":77}}],"line":174},"35":{"loc":{"start":{"line":177,"column":11},"end":{"line":185,"column":5}},"type":"if","locations":[{"start":{"line":177,"column":11},"end":{"line":185,"column":5}},{"start":{"line":183,"column":11},"end":{"line":185,"column":5}}],"line":177},"36":{"loc":{"start":{"line":180,"column":6},"end":{"line":182,"column":7}},"type":"if","locations":[{"start":{"line":180,"column":6},"end":{"line":182,"column":7}},{"start":{},"end":{}}],"line":180},"37":{"loc":{"start":{"line":180,"column":10},"end":{"line":180,"column":62}},"type":"binary-expr","locations":[{"start":{"line":180,"column":10},"end":{"line":180,"column":22}},{"start":{"line":180,"column":26},"end":{"line":180,"column":62}}],"line":180},"38":{"loc":{"start":{"line":183,"column":11},"end":{"line":185,"column":5}},"type":"if","locations":[{"start":{"line":183,"column":11},"end":{"line":185,"column":5}},{"start":{},"end":{}}],"line":183},"39":{"loc":{"start":{"line":187,"column":4},"end":{"line":190,"column":5}},"type":"if","locations":[{"start":{"line":187,"column":4},"end":{"line":190,"column":5}},{"start":{},"end":{}}],"line":187},"40":{"loc":{"start":{"line":189,"column":6},"end":{"line":189,"column":100}},"type":"if","locations":[{"start":{"line":189,"column":6},"end":{"line":189,"column":100}},{"start":{},"end":{}}],"line":189},"41":{"loc":{"start":{"line":192,"column":4},"end":{"line":195,"column":27}},"type":"if","locations":[{"start":{"line":192,"column":4},"end":{"line":195,"column":27}},{"start":{"line":195,"column":11},"end":{"line":195,"column":27}}],"line":192},"42":{"loc":{"start":{"line":192,"column":8},"end":{"line":192,"column":70}},"type":"binary-expr","locations":[{"start":{"line":192,"column":8},"end":{"line":192,"column":30}},{"start":{"line":192,"column":34},"end":{"line":192,"column":51}},{"start":{"line":192,"column":55},"end":{"line":192,"column":70}}],"line":192},"43":{"loc":{"start":{"line":194,"column":6},"end":{"line":194,"column":43}},"type":"if","locations":[{"start":{"line":194,"column":6},"end":{"line":194,"column":43}},{"start":{},"end":{}}],"line":194},"44":{"loc":{"start":{"line":196,"column":4},"end":{"line":199,"column":28}},"type":"if","locations":[{"start":{"line":196,"column":4},"end":{"line":199,"column":28}},{"start":{"line":199,"column":11},"end":{"line":199,"column":28}}],"line":196},"45":{"loc":{"start":{"line":196,"column":8},"end":{"line":196,"column":73}},"type":"binary-expr","locations":[{"start":{"line":196,"column":8},"end":{"line":196,"column":31}},{"start":{"line":196,"column":35},"end":{"line":196,"column":53}},{"start":{"line":196,"column":57},"end":{"line":196,"column":73}}],"line":196},"46":{"loc":{"start":{"line":198,"column":6},"end":{"line":198,"column":45}},"type":"if","locations":[{"start":{"line":198,"column":6},"end":{"line":198,"column":45}},{"start":{},"end":{}}],"line":198},"47":{"loc":{"start":{"line":204,"column":4},"end":{"line":206,"column":5}},"type":"if","locations":[{"start":{"line":204,"column":4},"end":{"line":206,"column":5}},{"start":{},"end":{}}],"line":204},"48":{"loc":{"start":{"line":210,"column":4},"end":{"line":212,"column":5}},"type":"if","locations":[{"start":{"line":210,"column":4},"end":{"line":212,"column":5}},{"start":{},"end":{}}],"line":210},"49":{"loc":{"start":{"line":216,"column":19},"end":{"line":216,"column":36}},"type":"binary-expr","locations":[{"start":{"line":216,"column":19},"end":{"line":216,"column":30}},{"start":{"line":216,"column":34},"end":{"line":216,"column":36}}],"line":216},"50":{"loc":{"start":{"line":219,"column":20},"end":{"line":219,"column":48}},"type":"binary-expr","locations":[{"start":{"line":219,"column":20},"end":{"line":219,"column":32}},{"start":{"line":219,"column":36},"end":{"line":219,"column":48}}],"line":219},"51":{"loc":{"start":{"line":220,"column":18},"end":{"line":220,"column":34}},"type":"binary-expr","locations":[{"start":{"line":220,"column":18},"end":{"line":220,"column":28}},{"start":{"line":220,"column":32},"end":{"line":220,"column":34}}],"line":220},"52":{"loc":{"start":{"line":221,"column":17},"end":{"line":221,"column":32}},"type":"binary-expr","locations":[{"start":{"line":221,"column":17},"end":{"line":221,"column":26}},{"start":{"line":221,"column":30},"end":{"line":221,"column":32}}],"line":221},"53":{"loc":{"start":{"line":222,"column":15},"end":{"line":222,"column":28}},"type":"binary-expr","locations":[{"start":{"line":222,"column":15},"end":{"line":222,"column":22}},{"start":{"line":222,"column":26},"end":{"line":222,"column":28}}],"line":222},"54":{"loc":{"start":{"line":225,"column":24},"end":{"line":225,"column":46}},"type":"binary-expr","locations":[{"start":{"line":225,"column":24},"end":{"line":225,"column":40}},{"start":{"line":225,"column":44},"end":{"line":225,"column":46}}],"line":225},"55":{"loc":{"start":{"line":226,"column":20},"end":{"line":226,"column":38}},"type":"binary-expr","locations":[{"start":{"line":226,"column":20},"end":{"line":226,"column":32}},{"start":{"line":226,"column":36},"end":{"line":226,"column":38}}],"line":226},"56":{"loc":{"start":{"line":227,"column":14},"end":{"line":227,"column":50}},"type":"cond-expr","locations":[{"start":{"line":227,"column":37},"end":{"line":227,"column":43}},{"start":{"line":227,"column":46},"end":{"line":227,"column":50}}],"line":227},"57":{"loc":{"start":{"line":231,"column":14},"end":{"line":231,"column":26}},"type":"binary-expr","locations":[{"start":{"line":231,"column":14},"end":{"line":231,"column":20}},{"start":{"line":231,"column":24},"end":{"line":231,"column":26}}],"line":231},"58":{"loc":{"start":{"line":232,"column":20},"end":{"line":232,"column":40}},"type":"binary-expr","locations":[{"start":{"line":232,"column":20},"end":{"line":232,"column":32}},{"start":{"line":232,"column":36},"end":{"line":232,"column":40}}],"line":232},"59":{"loc":{"start":{"line":236,"column":4},"end":{"line":242,"column":5}},"type":"if","locations":[{"start":{"line":236,"column":4},"end":{"line":242,"column":5}},{"start":{},"end":{}}],"line":236},"60":{"loc":{"start":{"line":246,"column":6},"end":{"line":255,"column":7}},"type":"if","locations":[{"start":{"line":246,"column":6},"end":{"line":255,"column":7}},{"start":{"line":253,"column":13},"end":{"line":255,"column":7}}],"line":246},"61":{"loc":{"start":{"line":293,"column":4},"end":{"line":295,"column":5}},"type":"if","locations":[{"start":{"line":293,"column":4},"end":{"line":295,"column":5}},{"start":{},"end":{}}],"line":293},"62":{"loc":{"start":{"line":299,"column":4},"end":{"line":299,"column":82}},"type":"if","locations":[{"start":{"line":299,"column":4},"end":{"line":299,"column":82}},{"start":{},"end":{}}],"line":299},"63":{"loc":{"start":{"line":311,"column":4},"end":{"line":333,"column":5}},"type":"if","locations":[{"start":{"line":311,"column":4},"end":{"line":333,"column":5}},{"start":{"line":318,"column":11},"end":{"line":333,"column":5}}],"line":311},"64":{"loc":{"start":{"line":314,"column":6},"end":{"line":316,"column":7}},"type":"if","locations":[{"start":{"line":314,"column":6},"end":{"line":316,"column":7}},{"start":{},"end":{}}],"line":314},"65":{"loc":{"start":{"line":318,"column":11},"end":{"line":333,"column":5}},"type":"if","locations":[{"start":{"line":318,"column":11},"end":{"line":333,"column":5}},{"start":{"line":325,"column":11},"end":{"line":333,"column":5}}],"line":318},"66":{"loc":{"start":{"line":321,"column":6},"end":{"line":323,"column":7}},"type":"if","locations":[{"start":{"line":321,"column":6},"end":{"line":323,"column":7}},{"start":{},"end":{}}],"line":321},"67":{"loc":{"start":{"line":325,"column":11},"end":{"line":333,"column":5}},"type":"if","locations":[{"start":{"line":325,"column":11},"end":{"line":333,"column":5}},{"start":{"line":331,"column":11},"end":{"line":333,"column":5}}],"line":325},"68":{"loc":{"start":{"line":328,"column":6},"end":{"line":330,"column":7}},"type":"if","locations":[{"start":{"line":328,"column":6},"end":{"line":330,"column":7}},{"start":{},"end":{}}],"line":328},"69":{"loc":{"start":{"line":331,"column":11},"end":{"line":333,"column":5}},"type":"if","locations":[{"start":{"line":331,"column":11},"end":{"line":333,"column":5}},{"start":{},"end":{}}],"line":331},"70":{"loc":{"start":{"line":335,"column":4},"end":{"line":337,"column":5}},"type":"if","locations":[{"start":{"line":335,"column":4},"end":{"line":337,"column":5}},{"start":{},"end":{}}],"line":335},"71":{"loc":{"start":{"line":335,"column":8},"end":{"line":335,"column":90}},"type":"binary-expr","locations":[{"start":{"line":335,"column":8},"end":{"line":335,"column":33}},{"start":{"line":335,"column":38},"end":{"line":335,"column":55}},{"start":{"line":335,"column":59},"end":{"line":335,"column":89}}],"line":335},"72":{"loc":{"start":{"line":339,"column":4},"end":{"line":344,"column":5}},"type":"if","locations":[{"start":{"line":339,"column":4},"end":{"line":344,"column":5}},{"start":{"line":342,"column":11},"end":{"line":344,"column":5}}],"line":339},"73":{"loc":{"start":{"line":339,"column":8},"end":{"line":339,"column":85}},"type":"binary-expr","locations":[{"start":{"line":339,"column":8},"end":{"line":339,"column":19}},{"start":{"line":339,"column":23},"end":{"line":339,"column":51}},{"start":{"line":339,"column":55},"end":{"line":339,"column":85}}],"line":339},"74":{"loc":{"start":{"line":341,"column":6},"end":{"line":341,"column":100}},"type":"if","locations":[{"start":{"line":341,"column":6},"end":{"line":341,"column":100}},{"start":{},"end":{}}],"line":341},"75":{"loc":{"start":{"line":342,"column":11},"end":{"line":344,"column":5}},"type":"if","locations":[{"start":{"line":342,"column":11},"end":{"line":344,"column":5}},{"start":{},"end":{}}],"line":342},"76":{"loc":{"start":{"line":342,"column":15},"end":{"line":342,"column":92}},"type":"binary-expr","locations":[{"start":{"line":342,"column":15},"end":{"line":342,"column":26}},{"start":{"line":342,"column":30},"end":{"line":342,"column":58}},{"start":{"line":342,"column":62},"end":{"line":342,"column":92}}],"line":342},"77":{"loc":{"start":{"line":346,"column":4},"end":{"line":349,"column":27}},"type":"if","locations":[{"start":{"line":346,"column":4},"end":{"line":349,"column":27}},{"start":{"line":349,"column":11},"end":{"line":349,"column":27}}],"line":346},"78":{"loc":{"start":{"line":346,"column":8},"end":{"line":346,"column":70}},"type":"binary-expr","locations":[{"start":{"line":346,"column":8},"end":{"line":346,"column":30}},{"start":{"line":346,"column":34},"end":{"line":346,"column":51}},{"start":{"line":346,"column":55},"end":{"line":346,"column":70}}],"line":346},"79":{"loc":{"start":{"line":348,"column":6},"end":{"line":348,"column":43}},"type":"if","locations":[{"start":{"line":348,"column":6},"end":{"line":348,"column":43}},{"start":{},"end":{}}],"line":348},"80":{"loc":{"start":{"line":350,"column":4},"end":{"line":353,"column":28}},"type":"if","locations":[{"start":{"line":350,"column":4},"end":{"line":353,"column":28}},{"start":{"line":353,"column":11},"end":{"line":353,"column":28}}],"line":350},"81":{"loc":{"start":{"line":350,"column":8},"end":{"line":350,"column":73}},"type":"binary-expr","locations":[{"start":{"line":350,"column":8},"end":{"line":350,"column":31}},{"start":{"line":350,"column":35},"end":{"line":350,"column":53}},{"start":{"line":350,"column":57},"end":{"line":350,"column":73}}],"line":350},"82":{"loc":{"start":{"line":352,"column":6},"end":{"line":352,"column":45}},"type":"if","locations":[{"start":{"line":352,"column":6},"end":{"line":352,"column":45}},{"start":{},"end":{}}],"line":352},"83":{"loc":{"start":{"line":355,"column":4},"end":{"line":357,"column":5}},"type":"if","locations":[{"start":{"line":355,"column":4},"end":{"line":357,"column":5}},{"start":{},"end":{}}],"line":355},"84":{"loc":{"start":{"line":355,"column":8},"end":{"line":355,"column":44}},"type":"binary-expr","locations":[{"start":{"line":355,"column":8},"end":{"line":355,"column":14}},{"start":{"line":355,"column":18},"end":{"line":355,"column":44}}],"line":355},"85":{"loc":{"start":{"line":362,"column":4},"end":{"line":367,"column":5}},"type":"if","locations":[{"start":{"line":362,"column":4},"end":{"line":367,"column":5}},{"start":{},"end":{}}],"line":362},"86":{"loc":{"start":{"line":363,"column":6},"end":{"line":365,"column":7}},"type":"if","locations":[{"start":{"line":363,"column":6},"end":{"line":365,"column":7}},{"start":{},"end":{}}],"line":363},"87":{"loc":{"start":{"line":371,"column":4},"end":{"line":376,"column":5}},"type":"if","locations":[{"start":{"line":371,"column":4},"end":{"line":376,"column":5}},{"start":{},"end":{}}],"line":371},"88":{"loc":{"start":{"line":372,"column":6},"end":{"line":374,"column":7}},"type":"if","locations":[{"start":{"line":372,"column":6},"end":{"line":374,"column":7}},{"start":{},"end":{}}],"line":372},"89":{"loc":{"start":{"line":379,"column":13},"end":{"line":379,"column":34}},"type":"binary-expr","locations":[{"start":{"line":379,"column":13},"end":{"line":379,"column":18}},{"start":{"line":379,"column":22},"end":{"line":379,"column":34}}],"line":379},"90":{"loc":{"start":{"line":380,"column":19},"end":{"line":380,"column":79}},"type":"cond-expr","locations":[{"start":{"line":380,"column":47},"end":{"line":380,"column":58}},{"start":{"line":380,"column":61},"end":{"line":380,"column":79}}],"line":380},"91":{"loc":{"start":{"line":381,"column":16},"end":{"line":381,"column":43}},"type":"binary-expr","locations":[{"start":{"line":381,"column":16},"end":{"line":381,"column":24}},{"start":{"line":381,"column":28},"end":{"line":381,"column":43}}],"line":381},"92":{"loc":{"start":{"line":382,"column":16},"end":{"line":382,"column":43}},"type":"binary-expr","locations":[{"start":{"line":382,"column":16},"end":{"line":382,"column":24}},{"start":{"line":382,"column":28},"end":{"line":382,"column":43}}],"line":382},"93":{"loc":{"start":{"line":383,"column":20},"end":{"line":383,"column":55}},"type":"binary-expr","locations":[{"start":{"line":383,"column":20},"end":{"line":383,"column":32}},{"start":{"line":383,"column":36},"end":{"line":383,"column":55}}],"line":383},"94":{"loc":{"start":{"line":384,"column":18},"end":{"line":384,"column":75}},"type":"cond-expr","locations":[{"start":{"line":384,"column":45},"end":{"line":384,"column":55}},{"start":{"line":384,"column":58},"end":{"line":384,"column":75}}],"line":384},"95":{"loc":{"start":{"line":385,"column":17},"end":{"line":385,"column":71}},"type":"cond-expr","locations":[{"start":{"line":385,"column":43},"end":{"line":385,"column":52}},{"start":{"line":385,"column":55},"end":{"line":385,"column":71}}],"line":385},"96":{"loc":{"start":{"line":386,"column":15},"end":{"line":386,"column":63}},"type":"cond-expr","locations":[{"start":{"line":386,"column":39},"end":{"line":386,"column":46}},{"start":{"line":386,"column":49},"end":{"line":386,"column":63}}],"line":386},"97":{"loc":{"start":{"line":389,"column":24},"end":{"line":389,"column":99}},"type":"cond-expr","locations":[{"start":{"line":389,"column":57},"end":{"line":389,"column":73}},{"start":{"line":389,"column":76},"end":{"line":389,"column":99}}],"line":389},"98":{"loc":{"start":{"line":390,"column":20},"end":{"line":390,"column":83}},"type":"cond-expr","locations":[{"start":{"line":390,"column":49},"end":{"line":390,"column":61}},{"start":{"line":390,"column":64},"end":{"line":390,"column":83}}],"line":390},"99":{"loc":{"start":{"line":391,"column":14},"end":{"line":391,"column":59}},"type":"cond-expr","locations":[{"start":{"line":391,"column":37},"end":{"line":391,"column":43}},{"start":{"line":391,"column":46},"end":{"line":391,"column":59}}],"line":391},"100":{"loc":{"start":{"line":395,"column":14},"end":{"line":395,"column":26}},"type":"binary-expr","locations":[{"start":{"line":395,"column":14},"end":{"line":395,"column":20}},{"start":{"line":395,"column":24},"end":{"line":395,"column":26}}],"line":395},"101":{"loc":{"start":{"line":396,"column":20},"end":{"line":396,"column":83}},"type":"cond-expr","locations":[{"start":{"line":396,"column":49},"end":{"line":396,"column":61}},{"start":{"line":396,"column":64},"end":{"line":396,"column":83}}],"line":396},"102":{"loc":{"start":{"line":400,"column":4},"end":{"line":407,"column":5}},"type":"if","locations":[{"start":{"line":400,"column":4},"end":{"line":407,"column":5}},{"start":{},"end":{}}],"line":400},"103":{"loc":{"start":{"line":401,"column":32},"end":{"line":401,"column":72}},"type":"cond-expr","locations":[{"start":{"line":401,"column":48},"end":{"line":401,"column":68}},{"start":{"line":401,"column":71},"end":{"line":401,"column":72}}],"line":401},"104":{"loc":{"start":{"line":423,"column":4},"end":{"line":425,"column":5}},"type":"if","locations":[{"start":{"line":423,"column":4},"end":{"line":425,"column":5}},{"start":{},"end":{}}],"line":423},"105":{"loc":{"start":{"line":429,"column":4},"end":{"line":429,"column":82}},"type":"if","locations":[{"start":{"line":429,"column":4},"end":{"line":429,"column":82}},{"start":{},"end":{}}],"line":429},"106":{"loc":{"start":{"line":431,"column":4},"end":{"line":433,"column":5}},"type":"if","locations":[{"start":{"line":431,"column":4},"end":{"line":433,"column":5}},{"start":{},"end":{}}],"line":431},"107":{"loc":{"start":{"line":435,"column":4},"end":{"line":437,"column":5}},"type":"if","locations":[{"start":{"line":435,"column":4},"end":{"line":437,"column":5}},{"start":{},"end":{}}],"line":435},"108":{"loc":{"start":{"line":438,"column":4},"end":{"line":442,"column":5}},"type":"if","locations":[{"start":{"line":438,"column":4},"end":{"line":442,"column":5}},{"start":{},"end":{}}],"line":438},"109":{"loc":{"start":{"line":438,"column":8},"end":{"line":438,"column":49}},"type":"binary-expr","locations":[{"start":{"line":438,"column":8},"end":{"line":438,"column":21}},{"start":{"line":438,"column":25},"end":{"line":438,"column":49}}],"line":438},"110":{"loc":{"start":{"line":443,"column":4},"end":{"line":445,"column":5}},"type":"if","locations":[{"start":{"line":443,"column":4},"end":{"line":445,"column":5}},{"start":{},"end":{}}],"line":443},"111":{"loc":{"start":{"line":459,"column":4},"end":{"line":461,"column":5}},"type":"if","locations":[{"start":{"line":459,"column":4},"end":{"line":461,"column":5}},{"start":{},"end":{}}],"line":459},"112":{"loc":{"start":{"line":463,"column":4},"end":{"line":463,"column":81}},"type":"if","locations":[{"start":{"line":463,"column":4},"end":{"line":463,"column":81}},{"start":{},"end":{}}],"line":463},"113":{"loc":{"start":{"line":465,"column":4},"end":{"line":467,"column":5}},"type":"if","locations":[{"start":{"line":465,"column":4},"end":{"line":467,"column":5}},{"start":{},"end":{}}],"line":465}},"s":{"0":1,"1":1,"2":1,"3":1,"4":1,"5":1,"6":1,"7":1,"8":1,"9":1,"10":1,"11":1,"12":1,"13":1,"14":1,"15":0,"16":0,"17":0,"18":0,"19":0,"20":0,"21":0,"22":0,"23":0,"24":0,"25":0,"26":0,"27":0,"28":0,"29":0,"30":0,"31":0,"32":0,"33":0,"34":0,"35":0,"36":0,"37":0,"38":0,"39":0,"40":0,"41":0,"42":0,"43":1,"44":0,"45":0,"46":0,"47":0,"48":0,"49":0,"50":0,"51":0,"52":0,"53":0,"54":0,"55":0,"56":0,"57":0,"58":0,"59":0,"60":0,"61":0,"62":0,"63":0,"64":0,"65":0,"66":0,"67":0,"68":0,"69":0,"70":0,"71":0,"72":0,"73":0,"74":0,"75":0,"76":0,"77":0,"78":0,"79":0,"80":0,"81":0,"82":0,"83":0,"84":0,"85":0,"86":0,"87":0,"88":1,"89":0,"90":0,"91":0,"92":0,"93":0,"94":0,"95":0,"96":0,"97":0,"98":0,"99":1,"100":0,"101":0,"102":0,"103":0,"104":0,"105":0,"106":0,"107":0,"108":0,"109":0,"110":0,"111":0,"112":0,"113":0,"114":0,"115":0,"116":0,"117":0,"118":0,"119":0,"120":0,"121":0,"122":0,"123":0,"124":0,"125":0,"126":0,"127":0,"128":0,"129":0,"130":0,"131":0,"132":0,"133":0,"134":0,"135":0,"136":0,"137":0,"138":0,"139":0,"140":0,"141":0,"142":0,"143":0,"144":0,"145":0,"146":0,"147":0,"148":0,"149":0,"150":0,"151":0,"152":0,"153":0,"154":0,"155":0,"156":0,"157":0,"158":0,"159":0,"160":0,"161":0,"162":0,"163":0,"164":0,"165":0,"166":0,"167":0,"168":0,"169":0,"170":0,"171":0,"172":0,"173":0,"174":0,"175":0,"176":0,"177":0,"178":0,"179":0,"180":1,"181":0,"182":0,"183":0,"184":0,"185":0,"186":0,"187":0,"188":0,"189":0,"190":0,"191":0,"192":0,"193":0,"194":0,"195":0,"196":0,"197":0,"198":0,"199":0,"200":0,"201":0,"202":0,"203":0,"204":0,"205":0,"206":0,"207":0,"208":0,"209":0,"210":0,"211":0,"212":0,"213":0,"214":0,"215":0,"216":0,"217":0,"218":0,"219":0,"220":0,"221":0,"222":0,"223":0,"224":0,"225":0,"226":0,"227":0,"228":0,"229":0,"230":0,"231":0,"232":0,"233":0,"234":0,"235":0,"236":0,"237":0,"238":0,"239":0,"240":0,"241":0,"242":0,"243":0,"244":0,"245":0,"246":0,"247":0,"248":0,"249":0,"250":0,"251":0,"252":0,"253":0,"254":0,"255":0,"256":0,"257":0,"258":0,"259":1,"260":0,"261":0,"262":0,"263":0,"264":0,"265":0,"266":0,"267":0,"268":0,"269":0,"270":0,"271":0,"272":0,"273":0,"274":0,"275":0,"276":0,"277":0,"278":0,"279":0,"280":1,"281":0,"282":0,"283":0,"284":0,"285":0,"286":0,"287":0,"288":0,"289":0,"290":0,"291":0,"292":0,"293":0,"294":0},"f":{"0":0,"1":0,"2":0,"3":0,"4":0,"5":0,"6":0,"7":0,"8":0,"9":0,"10":0,"11":0,"12":0,"13":0,"14":0,"15":0,"16":0,"17":0,"18":0,"19":0,"20":0,"21":0,"22":0,"23":0},"b":{"0":[0,0],"1":[0,0],"2":[0,0],"3":[0,0],"4":[0,0],"5":[0,0],"6":[0,0],"7":[0,0],"8":[0,0],"9":[0,0],"10":[0,0],"11":[0,0],"12":[0,0],"13":[0,0],"14":[0,0],"15":[0,0],"16":[0,0],"17":[0,0],"18":[0,0],"19":[0,0],"20":[0,0],"21":[0,0],"22":[0,0],"23":[0,0],"24":[0,0],"25":[0,0],"26":[0,0],"27":[0,0],"28":[0,0],"29":[0,0],"30":[0,0],"31":[0,0,0],"32":[0,0],"33":[0,0],"34":[0,0],"35":[0,0],"36":[0,0],"37":[0,0],"38":[0,0],"39":[0,0],"40":[0,0],"41":[0,0],"42":[0,0,0],"43":[0,0],"44":[0,0],"45":[0,0,0],"46":[0,0],"47":[0,0],"48":[0,0],"49":[0,0],"50":[0,0],"51":[0,0],"52":[0,0],"53":[0,0],"54":[0,0],"55":[0,0],"56":[0,0],"57":[0,0],"58":[0,0],"59":[0,0],"60":[0,0],"61":[0,0],"62":[0,0],"63":[0,0],"64":[0,0],"65":[0,0],"66":[0,0],"67":[0,0],"68":[0,0],"69":[0,0],"70":[0,0],"71":[0,0,0],"72":[0,0],"73":[0,0,0],"74":[0,0],"75":[0,0],"76":[0,0,0],"77":[0,0],"78":[0,0,0],"79":[0,0],"80":[0,0],"81":[0,0,0],"82":[0,0],"83":[0,0],"84":[0,0],"85":[0,0],"86":[0,0],"87":[0,0],"88":[0,0],"89":[0,0],"90":[0,0],"91":[0,0],"92":[0,0],"93":[0,0],"94":[0,0],"95":[0,0],"96":[0,0],"97":[0,0],"98":[0,0],"99":[0,0],"100":[0,0],"101":[0,0],"102":[0,0],"103":[0,0],"104":[0,0],"105":[0,0],"106":[0,0],"107":[0,0],"108":[0,0],"109":[0,0],"110":[0,0],"111":[0,0],"112":[0,0],"113":[0,0]},"_coverageSchema":"1a1c01bbd47fc00a2c39e90264f33305004495a9","hash":"56ddb0c2124f4b39b730238217d27da1b4e9759d"}
,"/home/bolitaria/LunaRoja/backend/src/controllers/authController.js": {"path":"/home/bolitaria/LunaRoja/backend/src/controllers/authController.js","statementMap":{"0":{"start":{"line":1,"column":15},"end":{"line":1,"column":35}},"1":{"start":{"line":2,"column":13},"end":{"line":2,"column":38}},"2":{"start":{"line":3,"column":12},"end":{"line":3,"column":35}},"3":{"start":{"line":4,"column":15},"end":{"line":4,"column":32}},"4":{"start":{"line":5,"column":35},"end":{"line":5,"column":70}},"5":{"start":{"line":7,"column":25},"end":{"line":7,"column":71}},"6":{"start":{"line":7,"column":39},"end":{"line":7,"column":71}},"7":{"start":{"line":9,"column":0},"end":{"line":9,"column":61}},"8":{"start":{"line":11,"column":0},"end":{"line":55,"column":2}},"9":{"start":{"line":12,"column":2},"end":{"line":54,"column":3}},"10":{"start":{"line":13,"column":35},"end":{"line":13,"column":43}},"11":{"start":{"line":14,"column":4},"end":{"line":14,"column":108}},"12":{"start":{"line":14,"column":32},"end":{"line":14,"column":108}},"13":{"start":{"line":16,"column":17},"end":{"line":16,"column":60}},"14":{"start":{"line":17,"column":4},"end":{"line":17,"column":82}},"15":{"start":{"line":17,"column":15},"end":{"line":17,"column":82}},"16":{"start":{"line":19,"column":4},"end":{"line":22,"column":5}},"17":{"start":{"line":20,"column":24},"end":{"line":20,"column":74}},"18":{"start":{"line":21,"column":6},"end":{"line":21,"column":112}},"19":{"start":{"line":24,"column":20},"end":{"line":24,"column":56}},"20":{"start":{"line":25,"column":4},"end":{"line":32,"column":5}},"21":{"start":{"line":26,"column":6},"end":{"line":26,"column":69}},"22":{"start":{"line":27,"column":6},"end":{"line":29,"column":7}},"23":{"start":{"line":28,"column":8},"end":{"line":28,"column":61}},"24":{"start":{"line":30,"column":6},"end":{"line":30,"column":74}},"25":{"start":{"line":31,"column":6},"end":{"line":31,"column":73}},"26":{"start":{"line":34,"column":4},"end":{"line":34,"column":33}},"27":{"start":{"line":35,"column":4},"end":{"line":35,"column":28}},"28":{"start":{"line":36,"column":4},"end":{"line":36,"column":32}},"29":{"start":{"line":37,"column":4},"end":{"line":37,"column":85}},"30":{"start":{"line":39,"column":18},"end":{"line":39,"column":36}},"31":{"start":{"line":41,"column":4},"end":{"line":50,"column":7}},"32":{"start":{"line":52,"column":4},"end":{"line":52,"column":44}},"33":{"start":{"line":53,"column":4},"end":{"line":53,"column":68}},"34":{"start":{"line":57,"column":0},"end":{"line":59,"column":2}},"35":{"start":{"line":58,"column":2},"end":{"line":58,"column":42}},"36":{"start":{"line":61,"column":0},"end":{"line":63,"column":2}},"37":{"start":{"line":62,"column":2},"end":{"line":62,"column":55}},"38":{"start":{"line":66,"column":0},"end":{"line":96,"column":2}},"39":{"start":{"line":67,"column":2},"end":{"line":95,"column":3}},"40":{"start":{"line":68,"column":22},"end":{"line":68,"column":30}},"41":{"start":{"line":69,"column":4},"end":{"line":71,"column":5}},"42":{"start":{"line":70,"column":6},"end":{"line":70,"column":87}},"43":{"start":{"line":73,"column":17},"end":{"line":73,"column":57}},"44":{"start":{"line":75,"column":4},"end":{"line":86,"column":5}},"45":{"start":{"line":76,"column":25},"end":{"line":76,"column":50}},"46":{"start":{"line":77,"column":6},"end":{"line":77,"column":71}},"47":{"start":{"line":79,"column":23},"end":{"line":79,"column":123}},"48":{"start":{"line":81,"column":6},"end":{"line":85,"column":7}},"49":{"start":{"line":82,"column":8},"end":{"line":82,"column":59}},"50":{"start":{"line":84,"column":8},"end":{"line":84,"column":84}},"51":{"start":{"line":89,"column":4},"end":{"line":91,"column":7}},"52":{"start":{"line":93,"column":4},"end":{"line":93,"column":53}},"53":{"start":{"line":94,"column":4},"end":{"line":94,"column":79}},"54":{"start":{"line":99,"column":0},"end":{"line":127,"column":2}},"55":{"start":{"line":100,"column":2},"end":{"line":126,"column":3}},"56":{"start":{"line":101,"column":35},"end":{"line":101,"column":43}},"57":{"start":{"line":102,"column":4},"end":{"line":102,"column":112}},"58":{"start":{"line":102,"column":32},"end":{"line":102,"column":112}},"59":{"start":{"line":104,"column":24},"end":{"line":104,"column":79}},"60":{"start":{"line":106,"column":17},"end":{"line":111,"column":6}},"61":{"start":{"line":113,"column":4},"end":{"line":115,"column":5}},"62":{"start":{"line":114,"column":6},"end":{"line":114,"column":76}},"63":{"start":{"line":117,"column":4},"end":{"line":117,"column":32}},"64":{"start":{"line":118,"column":4},"end":{"line":118,"column":27}},"65":{"start":{"line":119,"column":4},"end":{"line":119,"column":34}},"66":{"start":{"line":120,"column":4},"end":{"line":120,"column":22}},"67":{"start":{"line":122,"column":4},"end":{"line":122,"column":67}},"68":{"start":{"line":124,"column":4},"end":{"line":124,"column":52}},"69":{"start":{"line":125,"column":4},"end":{"line":125,"column":76}}},"fnMap":{"0":{"name":"(anonymous_0)","decl":{"start":{"line":7,"column":25},"end":{"line":7,"column":26}},"loc":{"start":{"line":7,"column":39},"end":{"line":7,"column":71}},"line":7},"1":{"name":"(anonymous_1)","decl":{"start":{"line":9,"column":19},"end":{"line":9,"column":20}},"loc":{"start":{"line":9,"column":39},"end":{"line":9,"column":60}},"line":9},"2":{"name":"(anonymous_2)","decl":{"start":{"line":11,"column":16},"end":{"line":11,"column":17}},"loc":{"start":{"line":11,"column":36},"end":{"line":55,"column":1}},"line":11},"3":{"name":"(anonymous_3)","decl":{"start":{"line":57,"column":17},"end":{"line":57,"column":18}},"loc":{"start":{"line":57,"column":37},"end":{"line":59,"column":1}},"line":57},"4":{"name":"(anonymous_4)","decl":{"start":{"line":61,"column":18},"end":{"line":61,"column":19}},"loc":{"start":{"line":61,"column":38},"end":{"line":63,"column":1}},"line":61},"5":{"name":"(anonymous_5)","decl":{"start":{"line":66,"column":25},"end":{"line":66,"column":26}},"loc":{"start":{"line":66,"column":45},"end":{"line":96,"column":1}},"line":66},"6":{"name":"(anonymous_6)","decl":{"start":{"line":99,"column":24},"end":{"line":99,"column":25}},"loc":{"start":{"line":99,"column":44},"end":{"line":127,"column":1}},"line":99}},"branchMap":{"0":{"loc":{"start":{"line":7,"column":39},"end":{"line":7,"column":71}},"type":"binary-expr","locations":[{"start":{"line":7,"column":39},"end":{"line":7,"column":47}},{"start":{"line":7,"column":51},"end":{"line":7,"column":71}}],"line":7},"1":{"loc":{"start":{"line":14,"column":4},"end":{"line":14,"column":108}},"type":"if","locations":[{"start":{"line":14,"column":4},"end":{"line":14,"column":108}},{"start":{},"end":{}}],"line":14},"2":{"loc":{"start":{"line":14,"column":8},"end":{"line":14,"column":30}},"type":"binary-expr","locations":[{"start":{"line":14,"column":8},"end":{"line":14,"column":17}},{"start":{"line":14,"column":21},"end":{"line":14,"column":30}}],"line":14},"3":{"loc":{"start":{"line":17,"column":4},"end":{"line":17,"column":82}},"type":"if","locations":[{"start":{"line":17,"column":4},"end":{"line":17,"column":82}},{"start":{},"end":{}}],"line":17},"4":{"loc":{"start":{"line":19,"column":4},"end":{"line":22,"column":5}},"type":"if","locations":[{"start":{"line":19,"column":4},"end":{"line":22,"column":5}},{"start":{},"end":{}}],"line":19},"5":{"loc":{"start":{"line":19,"column":8},"end":{"line":19,"column":57}},"type":"binary-expr","locations":[{"start":{"line":19,"column":8},"end":{"line":19,"column":24}},{"start":{"line":19,"column":28},"end":{"line":19,"column":57}}],"line":19},"6":{"loc":{"start":{"line":25,"column":4},"end":{"line":32,"column":5}},"type":"if","locations":[{"start":{"line":25,"column":4},"end":{"line":32,"column":5}},{"start":{},"end":{}}],"line":25},"7":{"loc":{"start":{"line":26,"column":34},"end":{"line":26,"column":63}},"type":"binary-expr","locations":[{"start":{"line":26,"column":34},"end":{"line":26,"column":58}},{"start":{"line":26,"column":62},"end":{"line":26,"column":63}}],"line":26},"8":{"loc":{"start":{"line":27,"column":6},"end":{"line":29,"column":7}},"type":"if","locations":[{"start":{"line":27,"column":6},"end":{"line":29,"column":7}},{"start":{},"end":{}}],"line":27},"9":{"loc":{"start":{"line":69,"column":4},"end":{"line":71,"column":5}},"type":"if","locations":[{"start":{"line":69,"column":4},"end":{"line":71,"column":5}},{"start":{},"end":{}}],"line":69},"10":{"loc":{"start":{"line":75,"column":4},"end":{"line":86,"column":5}},"type":"if","locations":[{"start":{"line":75,"column":4},"end":{"line":86,"column":5}},{"start":{},"end":{}}],"line":75},"11":{"loc":{"start":{"line":79,"column":26},"end":{"line":79,"column":77}},"type":"binary-expr","locations":[{"start":{"line":79,"column":26},"end":{"line":79,"column":50}},{"start":{"line":79,"column":54},"end":{"line":79,"column":77}}],"line":79},"12":{"loc":{"start":{"line":102,"column":4},"end":{"line":102,"column":112}},"type":"if","locations":[{"start":{"line":102,"column":4},"end":{"line":102,"column":112}},{"start":{},"end":{}}],"line":102},"13":{"loc":{"start":{"line":102,"column":8},"end":{"line":102,"column":30}},"type":"binary-expr","locations":[{"start":{"line":102,"column":8},"end":{"line":102,"column":14}},{"start":{"line":102,"column":18},"end":{"line":102,"column":30}}],"line":102},"14":{"loc":{"start":{"line":113,"column":4},"end":{"line":115,"column":5}},"type":"if","locations":[{"start":{"line":113,"column":4},"end":{"line":115,"column":5}},{"start":{},"end":{}}],"line":113}},"s":{"0":1,"1":1,"2":1,"3":1,"4":1,"5":1,"6":0,"7":1,"8":1,"9":0,"10":0,"11":0,"12":0,"13":0,"14":0,"15":0,"16":0,"17":0,"18":0,"19":0,"20":0,"21":0,"22":0,"23":0,"24":0,"25":0,"26":0,"27":0,"28":0,"29":0,"30":0,"31":0,"32":0,"33":0,"34":1,"35":0,"36":1,"37":0,"38":1,"39":0,"40":0,"41":0,"42":0,"43":0,"44":0,"45":0,"46":0,"47":0,"48":0,"49":0,"50":0,"51":0,"52":0,"53":0,"54":1,"55":0,"56":0,"57":0,"58":0,"59":0,"60":0,"61":0,"62":0,"63":0,"64":0,"65":0,"66":0,"67":0,"68":0,"69":0},"f":{"0":0,"1":0,"2":0,"3":0,"4":0,"5":0,"6":0},"b":{"0":[0,0],"1":[0,0],"2":[0,0],"3":[0,0],"4":[0,0],"5":[0,0],"6":[0,0],"7":[0,0],"8":[0,0],"9":[0,0],"10":[0,0],"11":[0,0],"12":[0,0],"13":[0,0],"14":[0,0]},"_coverageSchema":"1a1c01bbd47fc00a2c39e90264f33305004495a9","hash":"c09fb7f05161566f67288e99054f15846a1dd1a8"}
,"/home/bolitaria/LunaRoja/backend/src/controllers/bdsController.js": {"path":"/home/bolitaria/LunaRoja/backend/src/controllers/bdsController.js","statementMap":{"0":{"start":{"line":1,"column":12},"end":{"line":1,"column":36}},"1":{"start":{"line":2,"column":16},"end":{"line":2,"column":44}},"2":{"start":{"line":3,"column":19},"end":{"line":3,"column":50}},"3":{"start":{"line":4,"column":15},"end":{"line":4,"column":42}},"4":{"start":{"line":5,"column":20},"end":{"line":5,"column":52}},"5":{"start":{"line":6,"column":37},"end":{"line":6,"column":72}},"6":{"start":{"line":7,"column":45},"end":{"line":7,"column":72}},"7":{"start":{"line":8,"column":13},"end":{"line":8,"column":28}},"8":{"start":{"line":10,"column":17},"end":{"line":10,"column":58}},"9":{"start":{"line":11,"column":23},"end":{"line":11,"column":70}},"10":{"start":{"line":13,"column":0},"end":{"line":34,"column":2}},"11":{"start":{"line":14,"column":2},"end":{"line":33,"column":3}},"12":{"start":{"line":15,"column":16},"end":{"line":15,"column":18}},"13":{"start":{"line":16,"column":4},"end":{"line":27,"column":5}},"14":{"start":{"line":17,"column":6},"end":{"line":26,"column":7}},"15":{"start":{"line":18,"column":24},"end":{"line":18,"column":81}},"16":{"start":{"line":19,"column":20},"end":{"line":19,"column":45}},"17":{"start":{"line":19,"column":37},"end":{"line":19,"column":44}},"18":{"start":{"line":20,"column":8},"end":{"line":20,"column":50}},"19":{"start":{"line":20,"column":30},"end":{"line":20,"column":50}},"20":{"start":{"line":21,"column":8},"end":{"line":21,"column":23}},"21":{"start":{"line":22,"column":13},"end":{"line":26,"column":7}},"22":{"start":{"line":23,"column":8},"end":{"line":23,"column":28}},"23":{"start":{"line":24,"column":13},"end":{"line":26,"column":7}},"24":{"start":{"line":25,"column":8},"end":{"line":25,"column":28}},"25":{"start":{"line":28,"column":16},"end":{"line":28,"column":70}},"26":{"start":{"line":29,"column":4},"end":{"line":29,"column":18}},"27":{"start":{"line":31,"column":4},"end":{"line":31,"column":48}},"28":{"start":{"line":32,"column":4},"end":{"line":32,"column":62}},"29":{"start":{"line":36,"column":0},"end":{"line":49,"column":2}},"30":{"start":{"line":37,"column":2},"end":{"line":48,"column":3}},"31":{"start":{"line":38,"column":19},"end":{"line":38,"column":29}},"32":{"start":{"line":39,"column":4},"end":{"line":39,"column":80}},"33":{"start":{"line":39,"column":24},"end":{"line":39,"column":80}},"34":{"start":{"line":40,"column":16},"end":{"line":42,"column":6}},"35":{"start":{"line":43,"column":4},"end":{"line":43,"column":76}},"36":{"start":{"line":43,"column":14},"end":{"line":43,"column":76}},"37":{"start":{"line":44,"column":4},"end":{"line":44,"column":18}},"38":{"start":{"line":46,"column":4},"end":{"line":46,"column":49}},"39":{"start":{"line":47,"column":4},"end":{"line":47,"column":62}},"40":{"start":{"line":51,"column":0},"end":{"line":111,"column":2}},"41":{"start":{"line":52,"column":2},"end":{"line":110,"column":3}},"42":{"start":{"line":53,"column":61},"end":{"line":53,"column":69}},"43":{"start":{"line":54,"column":4},"end":{"line":54,"column":76}},"44":{"start":{"line":54,"column":15},"end":{"line":54,"column":76}},"45":{"start":{"line":57,"column":4},"end":{"line":68,"column":5}},"46":{"start":{"line":58,"column":6},"end":{"line":64,"column":7}},"47":{"start":{"line":59,"column":8},"end":{"line":63,"column":9}},"48":{"start":{"line":60,"column":10},"end":{"line":60,"column":38}},"49":{"start":{"line":62,"column":10},"end":{"line":62,"column":22}},"50":{"start":{"line":65,"column":6},"end":{"line":65,"column":46}},"51":{"start":{"line":65,"column":34},"end":{"line":65,"column":46}},"52":{"start":{"line":67,"column":6},"end":{"line":67,"column":18}},"53":{"start":{"line":70,"column":19},"end":{"line":70,"column":23}},"54":{"start":{"line":71,"column":4},"end":{"line":73,"column":5}},"55":{"start":{"line":72,"column":6},"end":{"line":72,"column":63}},"56":{"start":{"line":74,"column":23},"end":{"line":74,"column":27}},"57":{"start":{"line":75,"column":4},"end":{"line":77,"column":5}},"58":{"start":{"line":76,"column":6},"end":{"line":76,"column":76}},"59":{"start":{"line":79,"column":16},"end":{"line":87,"column":6}},"60":{"start":{"line":89,"column":4},"end":{"line":104,"column":5}},"61":{"start":{"line":90,"column":27},"end":{"line":94,"column":7}},"62":{"start":{"line":95,"column":26},"end":{"line":95,"column":83}},"63":{"start":{"line":96,"column":6},"end":{"line":100,"column":7}},"64":{"start":{"line":97,"column":8},"end":{"line":99,"column":10}},"65":{"start":{"line":98,"column":10},"end":{"line":98,"column":59}},"66":{"start":{"line":101,"column":6},"end":{"line":101,"column":89}},"67":{"start":{"line":103,"column":6},"end":{"line":103,"column":74}},"68":{"start":{"line":106,"column":4},"end":{"line":106,"column":30}},"69":{"start":{"line":108,"column":4},"end":{"line":108,"column":48}},"70":{"start":{"line":109,"column":4},"end":{"line":109,"column":60}},"71":{"start":{"line":113,"column":0},"end":{"line":168,"column":2}},"72":{"start":{"line":114,"column":2},"end":{"line":167,"column":3}},"73":{"start":{"line":115,"column":19},"end":{"line":115,"column":29}},"74":{"start":{"line":116,"column":4},"end":{"line":116,"column":80}},"75":{"start":{"line":116,"column":24},"end":{"line":116,"column":80}},"76":{"start":{"line":117,"column":16},"end":{"line":117,"column":38}},"77":{"start":{"line":118,"column":4},"end":{"line":118,"column":76}},"78":{"start":{"line":118,"column":14},"end":{"line":118,"column":76}},"79":{"start":{"line":119,"column":4},"end":{"line":127,"column":5}},"80":{"start":{"line":120,"column":22},"end":{"line":120,"column":79}},"81":{"start":{"line":121,"column":25},"end":{"line":121,"column":50}},"82":{"start":{"line":121,"column":42},"end":{"line":121,"column":49}},"83":{"start":{"line":122,"column":6},"end":{"line":124,"column":7}},"84":{"start":{"line":123,"column":8},"end":{"line":123,"column":91}},"85":{"start":{"line":125,"column":11},"end":{"line":127,"column":5}},"86":{"start":{"line":126,"column":6},"end":{"line":126,"column":66}},"87":{"start":{"line":129,"column":61},"end":{"line":129,"column":69}},"88":{"start":{"line":132,"column":4},"end":{"line":141,"column":5}},"89":{"start":{"line":133,"column":6},"end":{"line":139,"column":7}},"90":{"start":{"line":134,"column":8},"end":{"line":138,"column":9}},"91":{"start":{"line":135,"column":10},"end":{"line":135,"column":38}},"92":{"start":{"line":137,"column":10},"end":{"line":137,"column":22}},"93":{"start":{"line":140,"column":6},"end":{"line":140,"column":46}},"94":{"start":{"line":140,"column":34},"end":{"line":140,"column":46}},"95":{"start":{"line":143,"column":19},"end":{"line":143,"column":31}},"96":{"start":{"line":144,"column":4},"end":{"line":147,"column":5}},"97":{"start":{"line":145,"column":6},"end":{"line":145,"column":63}},"98":{"start":{"line":145,"column":24},"end":{"line":145,"column":63}},"99":{"start":{"line":146,"column":6},"end":{"line":146,"column":63}},"100":{"start":{"line":148,"column":23},"end":{"line":148,"column":35}},"101":{"start":{"line":149,"column":4},"end":{"line":152,"column":5}},"102":{"start":{"line":150,"column":6},"end":{"line":150,"column":69}},"103":{"start":{"line":150,"column":24},"end":{"line":150,"column":69}},"104":{"start":{"line":151,"column":6},"end":{"line":151,"column":76}},"105":{"start":{"line":154,"column":4},"end":{"line":162,"column":7}},"106":{"start":{"line":163,"column":4},"end":{"line":163,"column":18}},"107":{"start":{"line":165,"column":4},"end":{"line":165,"column":48}},"108":{"start":{"line":166,"column":4},"end":{"line":166,"column":65}},"109":{"start":{"line":170,"column":0},"end":{"line":187,"column":2}},"110":{"start":{"line":171,"column":2},"end":{"line":186,"column":3}},"111":{"start":{"line":172,"column":19},"end":{"line":172,"column":29}},"112":{"start":{"line":173,"column":4},"end":{"line":173,"column":80}},"113":{"start":{"line":173,"column":24},"end":{"line":173,"column":80}},"114":{"start":{"line":174,"column":16},"end":{"line":174,"column":38}},"115":{"start":{"line":175,"column":4},"end":{"line":175,"column":76}},"116":{"start":{"line":175,"column":14},"end":{"line":175,"column":76}},"117":{"start":{"line":176,"column":4},"end":{"line":178,"column":5}},"118":{"start":{"line":177,"column":6},"end":{"line":177,"column":86}},"119":{"start":{"line":179,"column":4},"end":{"line":179,"column":61}},"120":{"start":{"line":179,"column":22},"end":{"line":179,"column":61}},"121":{"start":{"line":180,"column":4},"end":{"line":180,"column":67}},"122":{"start":{"line":180,"column":22},"end":{"line":180,"column":67}},"123":{"start":{"line":181,"column":4},"end":{"line":181,"column":24}},"124":{"start":{"line":182,"column":4},"end":{"line":182,"column":43}},"125":{"start":{"line":184,"column":4},"end":{"line":184,"column":48}},"126":{"start":{"line":185,"column":4},"end":{"line":185,"column":63}}},"fnMap":{"0":{"name":"(anonymous_0)","decl":{"start":{"line":13,"column":20},"end":{"line":13,"column":21}},"loc":{"start":{"line":13,"column":40},"end":{"line":34,"column":1}},"line":13},"1":{"name":"(anonymous_1)","decl":{"start":{"line":19,"column":32},"end":{"line":19,"column":33}},"loc":{"start":{"line":19,"column":37},"end":{"line":19,"column":44}},"line":19},"2":{"name":"(anonymous_2)","decl":{"start":{"line":36,"column":21},"end":{"line":36,"column":22}},"loc":{"start":{"line":36,"column":41},"end":{"line":49,"column":1}},"line":36},"3":{"name":"(anonymous_3)","decl":{"start":{"line":51,"column":20},"end":{"line":51,"column":21}},"loc":{"start":{"line":51,"column":40},"end":{"line":111,"column":1}},"line":51},"4":{"name":"(anonymous_4)","decl":{"start":{"line":97,"column":70},"end":{"line":97,"column":71}},"loc":{"start":{"line":98,"column":10},"end":{"line":98,"column":59}},"line":98},"5":{"name":"(anonymous_5)","decl":{"start":{"line":113,"column":20},"end":{"line":113,"column":21}},"loc":{"start":{"line":113,"column":40},"end":{"line":168,"column":1}},"line":113},"6":{"name":"(anonymous_6)","decl":{"start":{"line":121,"column":37},"end":{"line":121,"column":38}},"loc":{"start":{"line":121,"column":42},"end":{"line":121,"column":49}},"line":121},"7":{"name":"(anonymous_7)","decl":{"start":{"line":170,"column":20},"end":{"line":170,"column":21}},"loc":{"start":{"line":170,"column":40},"end":{"line":187,"column":1}},"line":170}},"branchMap":{"0":{"loc":{"start":{"line":16,"column":4},"end":{"line":27,"column":5}},"type":"if","locations":[{"start":{"line":16,"column":4},"end":{"line":27,"column":5}},{"start":{},"end":{}}],"line":16},"1":{"loc":{"start":{"line":17,"column":6},"end":{"line":26,"column":7}},"type":"if","locations":[{"start":{"line":17,"column":6},"end":{"line":26,"column":7}},{"start":{"line":22,"column":13},"end":{"line":26,"column":7}}],"line":17},"2":{"loc":{"start":{"line":20,"column":8},"end":{"line":20,"column":50}},"type":"if","locations":[{"start":{"line":20,"column":8},"end":{"line":20,"column":50}},{"start":{},"end":{}}],"line":20},"3":{"loc":{"start":{"line":22,"column":13},"end":{"line":26,"column":7}},"type":"if","locations":[{"start":{"line":22,"column":13},"end":{"line":26,"column":7}},{"start":{"line":24,"column":13},"end":{"line":26,"column":7}}],"line":22},"4":{"loc":{"start":{"line":24,"column":13},"end":{"line":26,"column":7}},"type":"if","locations":[{"start":{"line":24,"column":13},"end":{"line":26,"column":7}},{"start":{},"end":{}}],"line":24},"5":{"loc":{"start":{"line":39,"column":4},"end":{"line":39,"column":80}},"type":"if","locations":[{"start":{"line":39,"column":4},"end":{"line":39,"column":80}},{"start":{},"end":{}}],"line":39},"6":{"loc":{"start":{"line":43,"column":4},"end":{"line":43,"column":76}},"type":"if","locations":[{"start":{"line":43,"column":4},"end":{"line":43,"column":76}},{"start":{},"end":{}}],"line":43},"7":{"loc":{"start":{"line":54,"column":4},"end":{"line":54,"column":76}},"type":"if","locations":[{"start":{"line":54,"column":4},"end":{"line":54,"column":76}},{"start":{},"end":{}}],"line":54},"8":{"loc":{"start":{"line":57,"column":4},"end":{"line":68,"column":5}},"type":"if","locations":[{"start":{"line":57,"column":4},"end":{"line":68,"column":5}},{"start":{"line":66,"column":11},"end":{"line":68,"column":5}}],"line":57},"9":{"loc":{"start":{"line":58,"column":6},"end":{"line":64,"column":7}},"type":"if","locations":[{"start":{"line":58,"column":6},"end":{"line":64,"column":7}},{"start":{},"end":{}}],"line":58},"10":{"loc":{"start":{"line":65,"column":6},"end":{"line":65,"column":46}},"type":"if","locations":[{"start":{"line":65,"column":6},"end":{"line":65,"column":46}},{"start":{},"end":{}}],"line":65},"11":{"loc":{"start":{"line":71,"column":4},"end":{"line":73,"column":5}},"type":"if","locations":[{"start":{"line":71,"column":4},"end":{"line":73,"column":5}},{"start":{},"end":{}}],"line":71},"12":{"loc":{"start":{"line":71,"column":8},"end":{"line":71,"column":66}},"type":"binary-expr","locations":[{"start":{"line":71,"column":8},"end":{"line":71,"column":17}},{"start":{"line":71,"column":21},"end":{"line":71,"column":36}},{"start":{"line":71,"column":40},"end":{"line":71,"column":66}}],"line":71},"13":{"loc":{"start":{"line":75,"column":4},"end":{"line":77,"column":5}},"type":"if","locations":[{"start":{"line":75,"column":4},"end":{"line":77,"column":5}},{"start":{},"end":{}}],"line":75},"14":{"loc":{"start":{"line":75,"column":8},"end":{"line":75,"column":72}},"type":"binary-expr
[...]
e":31,"column":17},"end":{"line":31,"column":48}},"19":{"start":{"line":32,"column":2},"end":{"line":32,"column":44}},"20":{"start":{"line":35,"column":0},"end":{"line":39,"column":2}}},"fnMap":{"0":{"name":"(anonymous_0)","decl":{"start":{"line":5,"column":25},"end":{"line":5,"column":26}},"loc":{"start":{"line":5,"column":37},"end":{"line":19,"column":1}},"line":5},"1":{"name":"(anonymous_1)","decl":{"start":{"line":21,"column":21},"end":{"line":21,"column":22}},"loc":{"start":{"line":21,"column":70},"end":{"line":26,"column":1}},"line":21},"2":{"name":"(anonymous_2)","decl":{"start":{"line":28,"column":25},"end":{"line":28,"column":26}},"loc":{"start":{"line":28,"column":47},"end":{"line":33,"column":1}},"line":28}},"branchMap":{"0":{"loc":{"start":{"line":6,"column":2},"end":{"line":6,"column":38}},"type":"if","locations":[{"start":{"line":6,"column":2},"end":{"line":6,"column":38}},{"start":{},"end":{}}],"line":6},"1":{"loc":{"start":{"line":9,"column":20},"end":{"line":9,"column":57}},"type":"binary-expr","locations":[{"start":{"line":9,"column":20},"end":{"line":9,"column":42}},{"start":{"line":9,"column":46},"end":{"line":9,"column":57}}],"line":9},"2":{"loc":{"start":{"line":10,"column":29},"end":{"line":10,"column":61}},"type":"binary-expr","locations":[{"start":{"line":10,"column":29},"end":{"line":10,"column":51}},{"start":{"line":10,"column":55},"end":{"line":10,"column":61}}],"line":10},"3":{"loc":{"start":{"line":21,"column":49},"end":{"line":21,"column":65}},"type":"default-arg","locations":[{"start":{"line":21,"column":62},"end":{"line":21,"column":65}}],"line":21},"4":{"loc":{"start":{"line":32,"column":9},"end":{"line":32,"column":43}},"type":"cond-expr","locations":[{"start":{"line":32,"column":18},"end":{"line":32,"column":36}},{"start":{"line":32,"column":39},"end":{"line":32,"column":43}}],"line":32}},"s":{"0":1,"1":1,"2":1,"3":0,"4":0,"5":0,"6":0,"7":0,"8":0,"9":0,"10":1,"11":0,"12":0,"13":0,"14":0,"15":1,"16":0,"17":0,"18":0,"19":0,"20":1},"f":{"0":0,"1":0,"2":0},"b":{"0":[0,0],"1":[0,0],"2":[0,0],"3":[0],"4":[0,0]},"_coverageSchema":"1a1c01bbd47fc00a2c39e90264f33305004495a9","hash":"d9aff2031c3238a1bddffe724e865c3c27ba09da"}
,"/home/bolitaria/LunaRoja/backend/src/utils/dynamicValidation.js": {"path":"/home/bolitaria/LunaRoja/backend/src/utils/dynamicValidation.js","statementMap":{"0":{"start":{"line":1,"column":12},"end":{"line":1,"column":26}},"1":{"start":{"line":4,"column":16},"end":{"line":4,"column":18}},"2":{"start":{"line":5,"column":2},"end":{"line":24,"column":5}},"3":{"start":{"line":7,"column":4},"end":{"line":20,"column":5}},"4":{"start":{"line":9,"column":8},"end":{"line":9,"column":41}},"5":{"start":{"line":10,"column":8},"end":{"line":10,"column":14}},"6":{"start":{"line":13,"column":8},"end":{"line":13,"column":42}},"7":{"start":{"line":14,"column":8},"end":{"line":14,"column":14}},"8":{"start":{"line":16,"column":8},"end":{"line":16,"column":33}},"9":{"start":{"line":17,"column":8},"end":{"line":17,"column":14}},"10":{"start":{"line":19,"column":8},"end":{"line":19,"column":33}},"11":{"start":{"line":21,"column":4},"end":{"line":22,"column":58}},"12":{"start":{"line":21,"column":24},"end":{"line":21,"column":57}},"13":{"start":{"line":22,"column":9},"end":{"line":22,"column":58}},"14":{"start":{"line":23,"column":4},"end":{"line":23,"column":34}},"15":{"start":{"line":25,"column":2},"end":{"line":25,"column":42}},"16":{"start":{"line":28,"column":0},"end":{"line":28,"column":42}}},"fnMap":{"0":{"name":"buildSignatureSchema","decl":{"start":{"line":3,"column":9},"end":{"line":3,"column":29}},"loc":{"start":{"line":3,"column":38},"end":{"line":26,"column":1}},"line":3},"1":{"name":"(anonymous_1)","decl":{"start":{"line":5,"column":17},"end":{"line":5,"column":18}},"loc":{"start":{"line":5,"column":26},"end":{"line":24,"column":3}},"line":5}},"branchMap":{"0":{"loc":{"start":{"line":7,"column":4},"end":{"line":20,"column":5}},"type":"switch","locations":[{"start":{"line":8,"column":6},"end":{"line":10,"column":14}},{"start":{"line":11,"column":6},"end":{"line":11,"column":18}},{"start":{"line":12,"column":6},"end":{"line":14,"column":14}},{"start":{"line":15,"column":6},"end":{"line":17,"column":14}},{"start":{"line":18,"column":6},"end":{"line":19,"column":33}}],"line":7},"1":{"loc":{"start":{"line":21,"column":4},"end":{"line":22,"column":58}},"type":"if","locations":[{"start":{"line":21,"column":4},"end":{"line":22,"column":58}},{"start":{"line":22,"column":9},"end":{"line":22,"column":58}}],"line":21}},"s":{"0":2,"1":0,"2":0,"3":0,"4":0,"5":0,"6":0,"7":0,"8":0,"9":0,"10":0,"11":0,"12":0,"13":0,"14":0,"15":0,"16":2},"f":{"0":0,"1":0},"b":{"0":[0,0,0,0,0],"1":[0,0]},"_coverageSchema":"1a1c01bbd47fc00a2c39e90264f33305004495a9","hash":"09c7d1ba572f359dd96b1150e8ac0338bd3d1031"}
,"/home/bolitaria/LunaRoja/backend/src/utils/emailHelper.js": {"path":"/home/bolitaria/LunaRoja/backend/src/utils/emailHelper.js","statementMap":{"0":{"start":{"line":1,"column":22},"end":{"line":1,"column":56}},"1":{"start":{"line":2,"column":19},"end":{"line":2,"column":50}},"2":{"start":{"line":3,"column":28},"end":{"line":3,"column":63}},"3":{"start":{"line":5,"column":27},"end":{"line":8,"column":1}},"4":{"start":{"line":6,"column":18},"end":{"line":6,"column":69}},"5":{"start":{"line":7,"column":2},"end":{"line":7,"column":69}},"6":{"start":{"line":10,"column":27},"end":{"line":13,"column":1}},"7":{"start":{"line":11,"column":18},"end":{"line":11,"column":69}},"8":{"start":{"line":12,"column":2},"end":{"line":12,"column":69}},"9":{"start":{"line":23,"column":38},"end":{"line":57,"column":1}},"10":{"start":{"line":24,"column":19},"end":{"line":26,"column":4}},"11":{"start":{"line":27,"column":2},"end":{"line":27,"column":30}},"12":{"start":{"line":27,"column":17},"end":{"line":27,"column":30}},"13":{"start":{"line":29,"column":22},"end":{"line":29,"column":79}},"14":{"start":{"line":30,"column":2},"end":{"line":30,"column":44}},"15":{"start":{"line":30,"column":32},"end":{"line":30,"column":44}},"16":{"start":{"line":32,"column":2},"end":{"line":55,"column":3}},"17":{"start":{"line":33,"column":15},"end":{"line":33,"column":28}},"18":{"start":{"line":34,"column":4},"end":{"line":34,"column":78}},"19":{"start":{"line":35,"column":4},"end":{"line":35,"column":78}},"20":{"start":{"line":36,"column":4},"end":{"line":36,"column":59}},"21":{"start":{"line":38,"column":4},"end":{"line":43,"column":5}},"22":{"start":{"line":39,"column":6},"end":{"line":39,"column":76}},"23":{"start":{"line":40,"column":6},"end":{"line":40,"column":90}},"24":{"start":{"line":41,"column":6},"end":{"line":41,"column":78}},"25":{"start":{"line":42,"column":6},"end":{"line":42,"column":100}},"26":{"start":{"line":42,"column":32},"end":{"line":42,"column":100}},"27":{"start":{"line":44,"column":4},"end":{"line":51,"column":5}},"28":{"start":{"line":45,"column":6},"end":{"line":45,"column":74}},"29":{"start":{"line":46,"column":6},"end":{"line":46,"column":86}},"30":{"start":{"line":47,"column":6},"end":{"line":49,"column":14}},"31":{"start":{"line":50,"column":6},"end":{"line":50,"column":96}},"32":{"start":{"line":53,"column":4},"end":{"line":54,"column":74}},"33":{"start":{"line":54,"column":20},"end":{"line":54,"column":72}},"34":{"start":{"line":56,"column":2},"end":{"line":56,"column":14}},"35":{"start":{"line":59,"column":0},"end":{"line":59,"column":51}}},"fnMap":{"0":{"name":"(anonymous_0)","decl":{"start":{"line":5,"column":27},"end":{"line":5,"column":28}},"loc":{"start":{"line":5,"column":38},"end":{"line":8,"column":1}},"line":5},"1":{"name":"(anonymous_1)","decl":{"start":{"line":10,"column":27},"end":{"line":10,"column":28}},"loc":{"start":{"line":10,"column":38},"end":{"line":13,"column":1}},"line":10},"2":{"name":"(anonymous_2)","decl":{"start":{"line":23,"column":38},"end":{"line":23,"column":39}},"loc":{"start":{"line":23,"column":64},"end":{"line":57,"column":1}},"line":23},"3":{"name":"(anonymous_3)","decl":{"start":{"line":54,"column":13},"end":{"line":54,"column":14}},"loc":{"start":{"line":54,"column":20},"end":{"line":54,"column":72}},"line":54}},"branchMap":{"0":{"loc":{"start":{"line":6,"column":18},"end":{"line":6,"column":69}},"type":"binary-expr","locations":[{"start":{"line":6,"column":18},"end":{"line":6,"column":42}},{"start":{"line":6,"column":46},"end":{"line":6,"column":69}}],"line":6},"1":{"loc":{"start":{"line":11,"column":18},"end":{"line":11,"column":69}},"type":"binary-expr","locations":[{"start":{"line":11,"column":18},"end":{"line":11,"column":42}},{"start":{"line":11,"column":46},"end":{"line":11,"column":69}}],"line":11},"2":{"loc":{"start":{"line":27,"column":2},"end":{"line":27,"column":30}},"type":"if","locations":[{"start":{"line":27,"column":2},"end":{"line":27,"column":30}},{"start":{},"end":{}}],"line":27},"3":{"loc":{"start":{"line":30,"column":2},"end":{"line":30,"column":44}},"type":"if","locations":[{"start":{"line":30,"column":2},"end":{"line":30,"column":44}},{"start":{},"end":{}}],"line":30},"4":{"loc":{"start":{"line":38,"column":4},"end":{"line":43,"column":5}},"type":"if","locations":[{"start":{"line":38,"column":4},"end":{"line":43,"column":5}},{"start":{},"end":{}}],"line":38},"5":{"loc":{"start":{"line":39,"column":47},"end":{"line":39,"column":74}},"type":"binary-expr","locations":[{"start":{"line":39,"column":47},"end":{"line":39,"column":68}},{"start":{"line":39,"column":72},"end":{"line":39,"column":74}}],"line":39},"6":{"loc":{"start":{"line":40,"column":54},"end":{"line":40,"column":88}},"type":"binary-expr","locations":[{"start":{"line":40,"column":54},"end":{"line":40,"column":82}},{"start":{"line":40,"column":86},"end":{"line":40,"column":88}}],"line":40},"7":{"loc":{"start":{"line":41,"column":48},"end":{"line":41,"column":76}},"type":"binary-expr","locations":[{"start":{"line":41,"column":48},"end":{"line":41,"column":70}},{"start":{"line":41,"column":74},"end":{"line":41,"column":76}}],"line":41},"8":{"loc":{"start":{"line":42,"column":6},"end":{"line":42,"column":100}},"type":"if","locations":[{"start":{"line":42,"column":6},"end":{"line":42,"column":100}},{"start":{},"end":{}}],"line":42},"9":{"loc":{"start":{"line":42,"column":72},"end":{"line":42,"column":98}},"type":"binary-expr","locations":[{"start":{"line":42,"column":72},"end":{"line":42,"column":92}},{"start":{"line":42,"column":96},"end":{"line":42,"column":98}}],"line":42},"10":{"loc":{"start":{"line":44,"column":4},"end":{"line":51,"column":5}},"type":"if","locations":[{"start":{"line":44,"column":4},"end":{"line":51,"column":5}},{"start":{},"end":{}}],"line":44},"11":{"loc":{"start":{"line":45,"column":46},"end":{"line":45,"column":72}},"type":"binary-expr","locations":[{"start":{"line":45,"column":46},"end":{"line":45,"column":66}},{"start":{"line":45,"column":70},"end":{"line":45,"column":72}}],"line":45},"12":{"loc":{"start":{"line":46,"column":52},"end":{"line":46,"column":84}},"type":"binary-expr","locations":[{"start":{"line":46,"column":52},"end":{"line":46,"column":78}},{"start":{"line":46,"column":82},"end":{"line":46,"column":84}}],"line":46},"13":{"loc":{"start":{"line":47,"column":49},"end":{"line":49,"column":12}},"type":"cond-expr","locations":[{"start":{"line":48,"column":10},"end":{"line":48,"column":67}},{"start":{"line":49,"column":10},"end":{"line":49,"column":12}}],"line":47},"14":{"loc":{"start":{"line":50,"column":57},"end":{"line":50,"column":94}},"type":"binary-expr","locations":[{"start":{"line":50,"column":57},"end":{"line":50,"column":88}},{"start":{"line":50,"column":92},"end":{"line":50,"column":94}}],"line":50}},"s":{"0":1,"1":1,"2":1,"3":1,"4":0,"5":0,"6":1,"7":0,"8":0,"9":1,"10":0,"11":0,"12":0,"13":0,"14":0,"15":0,"16":0,"17":0,"18":0,"19":0,"20":0,"21":0,"22":0,"23":0,"24":0,"25":0,"26":0,"27":0,"28":0,"29":0,"30":0,"31":0,"32":0,"33":0,"34":0,"35":1},"f":{"0":0,"1":0,"2":0,"3":0},"b":{"0":[0,0],"1":[0,0],"2":[0,0],"3":[0,0],"4":[0,0],"5":[0,0],"6":[0,0],"7":[0,0],"8":[0,0],"9":[0,0],"10":[0,0],"11":[0,0],"12":[0,0],"13":[0,0],"14":[0,0]},"_coverageSchema":"1a1c01bbd47fc00a2c39e90264f33305004495a9","hash":"36b74ce69799d013144164557f1e81446b29de57"}
,"/home/bolitaria/LunaRoja/backend/src/utils/helpers.js": {"path":"/home/bolitaria/LunaRoja/backend/src/utils/helpers.js","statementMap":{"0":{"start":{"line":2,"column":13},"end":{"line":2,"column":28}},"1":{"start":{"line":3,"column":11},"end":{"line":3,"column":24}},"2":{"start":{"line":8,"column":14},"end":{"line":12,"column":1}},"3":{"start":{"line":9,"column":2},"end":{"line":9,"column":67}},"4":{"start":{"line":9,"column":55},"end":{"line":9,"column":67}},"5":{"start":{"line":10,"column":14},"end":{"line":10,"column":27}},"6":{"start":{"line":11,"column":2},"end":{"line":11,"column":33}},"7":{"start":{"line":17,"column":18},"end":{"line":20,"column":1}},"8":{"start":{"line":18,"column":14},"end":{"line":18,"column":24}},"9":{"start":{"line":19,"column":2},"end":{"line":19,"column":33}},"10":{"start":{"line":28,"column":21},"end":{"line":36,"column":1}},"11":{"start":{"line":29,"column":2},"end":{"line":29,"column":29}},"12":{"start":{"line":29,"column":17},"end":{"line":29,"column":29}},"13":{"start":{"line":30,"column":23},"end":{"line":30,"column":44}},"14":{"start":{"line":31,"column":19},"end":{"line":31,"column":70}},"15":{"start":{"line":32,"column":2},"end":{"line":34,"column":3}},"16":{"start":{"line":33,"column":4},"end":{"line":33,"column":16}},"17":{"start":{"line":35,"column":2},"end":{"line":35,"column":18}},"18":{"start":{"line":41,"column":23},"end":{"line":48,"column":1}},"19":{"start":{"line":42,"column":2},"end":{"line":42,"column":24}},"20":{"start":{"line":42,"column":17},"end":{"line":42,"column":24}},"21":{"start":{"line":43,"column":19},"end":{"line":43,"column":50}},"22":{"start":{"line":44,"column":2},"end":{"line":44,"column":24}},"23":{"start":{"line":44,"column":17},"end":{"line":44,"column":24}},"24":{"start":{"line":45,"column":2},"end":{"line":47,"column":5}},"25":{"start":{"line":46,"column":4},"end":{"line":46,"column":62}},"26":{"start":{"line":46,"column":13},"end":{"line":46,"column":62}},"27":{"start":{"line":50,"column":0},"end":{"line":55,"column":2}}},"fnMap":{"0":{"name":"(anonymous_0)","decl":{"start":{"line":8,"column":14},"end":{"line":8,"column":15}},"loc":{"start":{"line":8,"column":23},"end":{"line":12,"column":1}},"line":8},"1":{"name":"(anonymous_1)","decl":{"start":{"line":17,"column":18},"end":{"line":17,"column":19}},"loc":{"start":{"line":17,"column":27},"end":{"line":20,"column":1}},"line":17},"2":{"name":"(anonymous_2)","decl":{"start":{"line":28,"column":21},"end":{"line":28,"column":22}},"loc":{"start":{"line":28,"column":44},"end":{"line":36,"column":1}},"line":28},"3":{"name":"(anonymous_3)","decl":{"start":{"line":41,"column":23},"end":{"line":41,"column":24}},"loc":{"start":{"line":41,"column":46},"end":{"line":48,"column":1}},"line":41},"4":{"name":"(anonymous_4)","decl":{"start":{"line":45,"column":22},"end":{"line":45,"column":23}},"loc":{"start":{"line":45,"column":31},"end":{"line":47,"column":3}},"line":45}},"branchMap":{"0":{"loc":{"start":{"line":9,"column":2},"end":{"line":9,"column":67}},"type":"if","locations":[{"start":{"line":9,"column":2},"end":{"line":9,"column":67}},{"start":{},"end":{}}],"line":9},"1":{"loc":{"start":{"line":9,"column":6},"end":{"line":9,"column":53}},"type":"binary-expr","locations":[{"start":{"line":9,"column":6},"end":{"line":9,"column":23}},{"start":{"line":9,"column":27},"end":{"line":9,"column":39}},{"start":{"line":9,"column":43},"end":{"line":9,"column":53}}],"line":9},"2":{"loc":{"start":{"line":11,"column":9},"end":{"line":11,"column":32}},"type":"cond-expr","locations":[{"start":{"line":11,"column":22},"end":{"line":11,"column":26}},{"start":{"line":11,"column":29},"end":{"line":11,"column":32}}],"line":11},"3":{"loc":{"start":{"line":19,"column":9},"end":{"line":19,"column":32}},"type":"binary-expr","locations":[{"start":{"line":19,"column":9},"end":{"line":19,"column":21}},{"start":{"line":19,"column":25},"end":{"line":19,"column":32}}],"line":19},"4":{"loc":{"start":{"line":29,"column":2},"end":{"line":29,"column":29}},"type":"if","locations":[{"start":{"line":29,"column":2},"end":{"line":29,"column":29}},{"start":{},"end":{}}],"line":29},"5":{"loc":{"start":{"line":32,"column":2},"end":{"line":34,"column":3}},"type":"if","locations":[{"start":{"line":32,"column":2},"end":{"line":34,"column":3}},{"start":{},"end":{}}],"line":32},"6":{"loc":{"start":{"line":42,"column":2},"end":{"line":42,"column":24}},"type":"if","locations":[{"start":{"line":42,"column":2},"end":{"line":42,"column":24}},{"start":{},"end":{}}],"line":42},"7":{"loc":{"start":{"line":44,"column":2},"end":{"line":44,"column":24}},"type":"if","locations":[{"start":{"line":44,"column":2},"end":{"line":44,"column":24}},{"start":{},"end":{}}],"line":44},"8":{"loc":{"start":{"line":46,"column":4},"end":{"line":46,"column":62}},"type":"if","locations":[{"start":{"line":46,"column":4},"end":{"line":46,"column":62}},{"start":{},"end":{}}],"line":46}},"s":{"0":10,"1":10,"2":10,"3":8,"4":3,"5":5,"6":5,"7":10,"8":5,"9":5,"10":10,"11":4,"12":0,"13":4,"14":4,"15":4,"16":0,"17":4,"18":10,"19":3,"20":1,"21":2,"22":2,"23":0,"24":2,"25":2,"26":1,"27":10},"f":{"0":8,"1":5,"2":4,"3":3,"4":2},"b":{"0":[3,5],"1":[8,6,5],"2":[1,4],"3":[5,3],"4":[0,4],"5":[0,4],"6":[1,2],"7":[0,2],"8":[1,1]},"_coverageSchema":"1a1c01bbd47fc00a2c39e90264f33305004495a9","hash":"da556da56a3fdd4c70cdaa779cf834eaa867dac8"}
,"/home/bolitaria/LunaRoja/backend/src/utils/regionClassifier.js": {"path":"/home/bolitaria/LunaRoja/backend/src/utils/regionClassifier.js","statementMap":{"0":{"start":{"line":7,"column":2},"end":{"line":7,"column":29}},"1":{"start":{"line":7,"column":15},"end":{"line":7,"column":29}},"2":{"start":{"line":9,"column":16},"end":{"line":9,"column":36}},"3":{"start":{"line":12,"column":19},"end":{"line":20,"column":3}},"4":{"start":{"line":22,"column":2},"end":{"line":26,"column":3}},"5":{"start":{"line":23,"column":4},"end":{"line":25,"column":5}},"6":{"start":{"line":23,"column":27},"end":{"line":23,"column":47}},"7":{"start":{"line":24,"column":6},"end":{"line":24,"column":22}},"8":{"start":{"line":29,"column":19},"end":{"line":29,"column":107}},"9":{"start":{"line":30,"column":2},"end":{"line":32,"column":3}},"10":{"start":{"line":30,"column":25},"end":{"line":30,"column":42}},"11":{"start":{"line":31,"column":4},"end":{"line":31,"column":23}},"12":{"start":{"line":34,"column":2},"end":{"line":34,"column":16}},"13":{"start":{"line":37,"column":0},"end":{"line":37,"column":32}}},"fnMap":{"0":{"name":"classifyRegion","decl":{"start":{"line":6,"column":9},"end":{"line":6,"column":23}},"loc":{"start":{"line":6,"column":32},"end":{"line":35,"column":1}},"line":6},"1":{"name":"(anonymous_1)","decl":{"start":{"line":23,"column":19},"end":{"line":23,"column":20}},"loc":{"start":{"line":23,"column":27},"end":{"line":23,"column":47}},"line":23},"2":{"name":"(anonymous_2)","decl":{"start":{"line":30,"column":20},"end":{"line":30,"column":21}},"loc":{"start":{"line":30,"column":25},"end":{"line":30,"column":42}},"line":30}},"branchMap":{"0":{"loc":{"start":{"line":7,"column":2},"end":{"line":7,"column":29}},"type":"if","locations":[{"start":{"line":7,"column":2},"end":{"line":7,"column":29}},{"start":{},"end":{}}],"line":7},"1":{"loc":{"start":{"line":23,"column":4},"end":{"line":25,"column":5}},"type":"if","locations":[{"start":{"line":23,"column":4},"end":{"line":25,"column":5}},{"start":{},"end":{}}],"line":23},"2":{"loc":{"start":{"line":30,"column":2},"end":{"line":32,"column":3}},"type":"if","locations":[{"start":{"line":30,"column":2},"end":{"line":32,"column":3}},{"start":{},"end":{}}],"line":30}},"s":{"0":0,"1":0,"2":0,"3":0,"4":0,"5":0,"6":0,"7":0,"8":0,"9":0,"10":0,"11":0,"12":0,"13":1},"f":{"0":0,"1":0,"2":0},"b":{"0":[0,0],"1":[0,0],"2":[0,0]},"_coverageSchema":"1a1c01bbd47fc00a2c39e90264f33305004495a9","hash":"c2d4191245a5305d401118af58ffa1413a08915a"}
}
